Log file open, 01/24/19 15:05:47
LogWindows: Failed to load 'aqProf.dll' (GetLastError=126)
LogWindows: File 'aqProf.dll' does not exist
LogWindows: Failed to load 'VtuneApi.dll' (GetLastError=126)
LogWindows: File 'VtuneApi.dll' does not exist
LogWindows: Failed to load 'VtuneApi32e.dll' (GetLastError=126)
LogWindows: File 'VtuneApi32e.dll' does not exist
LogInit: Display: Running engine for game: LIT
LogPlatformFile: Not using cached read wrapper
LogInit: Display: RandInit(-1444110684) SRandInit(-1444110683).
LogInit: Read version file with build ID '3944462'
LogInit: Overriding engine version to CL 4033788, compatible CL 3944462
LogInit: Registered custom module enumerator with build ID '3944462'
LogTaskGraph: Started task graph with 5 named threads and 47 total threads with 3 sets of task threads.
LogStats: Stats thread started at 0.543948
LogD3D11RHI: Aftermath initialized
LogICUInternationalization: Display: ICU TimeZone Detection - Raw Offset: +8:00, Platform Override: ''
LogModuleManager: Display: Found up-to-date module file ../../../Engine/Plugins/2D/Paper2D/Binaries/Win64/UE4Editor-Paper2D.dll (API version 3944462).
LogModuleManager: Display: Found up-to-date module file ../../../Engine/Plugins/2D/Paper2D/Binaries/Win64/UE4Editor-Paper2DEditor.dll (API version 3944462).
LogModuleManager: Display: Found up-to-date module file ../../../Engine/Plugins/2D/Paper2D/Binaries/Win64/UE4Editor-PaperSpriteSheetImporter.dll (API version 3944462).
LogModuleManager: Display: Found up-to-date module file ../../../Engine/Plugins/2D/Paper2D/Binaries/Win64/UE4Editor-PaperTiledImporter.dll (API version 3944462).
LogModuleManager: Display: Found up-to-date module file ../../../Engine/Plugins/2D/Paper2D/Binaries/Win64/UE4Editor-SmartSnapping.dll (API version 3944462).
LogModuleManager: Display: Found up-to-date module file ../../../Engine/Plugins/Blendables/LightPropagationVolume/Binaries/Win64/UE4Editor-LightPropagationVolumeRuntime.dll (API version 3944462).
LogModuleManager: Display: Found up-to-date module file ../../../Engine/Plugins/Blendables/LightPropagationVolume/Binaries/Win64/UE4Editor-LightPropagationVolumeEditor.dll (API version 3944462).
LogModuleManager: Display: Found up-to-date module file ../../../Engine/Plugins/Developer/CLionSourceCodeAccess/Binaries/Win64/UE4Editor-CLionSourceCodeAccess.dll (API version 3944462).
LogModuleManager: Display: Found up-to-date module file ../../../Engine/Plugins/Developer/GitSourceControl/Binaries/Win64/UE4Editor-GitSourceControl.dll (API version 3944462).
LogModuleManager: Display: Found up-to-date module file ../../../Engine/Plugins/Developer/PerforceSourceControl/Binaries/Win64/UE4Editor-PerforceSourceControl.dll (API version 3944462).
LogModuleManager: Display: Found up-to-date module file ../../../Engine/Plugins/Developer/SubversionSourceControl/Binaries/Win64/UE4Editor-SubversionSourceControl.dll (API version 3944462).
LogModuleManager: Display: Found up-to-date module file ../../../Engine/Plugins/Developer/UObjectPlugin/Binaries/Win64/UE4Editor-UObjectPlugin.dll (API version 3944462).
LogModuleManager: Display: Found up-to-date module file ../../../Engine/Plugins/Developer/VisualStudioCodeSourceCodeAccess/Binaries/Win64/UE4Editor-VisualStudioCodeSourceCodeAccess.dll (API version 3944462).
LogModuleManager: Display: Found up-to-date module file ../../../Engine/Plugins/Developer/VisualStudioSourceCodeAccess/Binaries/Win64/UE4Editor-VisualStudioSourceCodeAccess.dll (API version 3944462).
LogModuleManager: Display: Found up-to-date module file ../../../Engine/Plugins/Editor/AssetManagerEditor/Binaries/Win64/UE4Editor-AssetManagerEditor.dll (API version 3944462).
LogModuleManager: Display: Found up-to-date module file ../../../Engine/Plugins/Editor/CryptoKeys/Binaries/Win64/UE4Editor-CryptoKeys.dll (API version 3944462).
LogModuleManager: Display: Found up-to-date module file ../../../Engine/Plugins/Editor/CryptoKeys/Binaries/Win64/UE4Editor-CryptoKeysOpenSSL.dll (API version 3944462).
LogModuleManager: Display: Found up-to-date module file ../../../Engine/Plugins/Editor/DataValidation/Binaries/Win64/UE4Editor-DataValidation.dll (API version 3944462).
LogModuleManager: Display: Found up-to-date module file ../../../Engine/Plugins/Editor/FacialAnimation/Binaries/Win64/UE4Editor-FacialAnimation.dll (API version 3944462).
LogModuleManager: Display: Found up-to-date module file ../../../Engine/Plugins/Editor/FacialAnimation/Binaries/Win64/UE4Editor-FacialAnimationEditor.dll (API version 3944462).
LogModuleManager: Display: Found up-to-date module file ../../../Engine/Plugins/Editor/GameplayTagsEditor/Binaries/Win64/UE4Editor-GameplayTagsEditor.dll (API version 3944462).
LogModuleManager: Display: Found up-to-date module file ../../../Engine/Plugins/Editor/MobileLauncherProfileWizard/Binaries/Win64/UE4Editor-MobileLauncherProfileWizard.dll (API version 3944462).
LogModuleManager: Display: Found up-to-date module file ../../../Engine/Plugins/Editor/PluginBrowser/Binaries/Win64/UE4Editor-PluginBrowser.dll (API version 3944462).
LogModuleManager: Display: Found up-to-date module file ../../../Engine/Plugins/Editor/SpeedTreeImporter/Binaries/Win64/UE4Editor-SpeedTreeImporter.dll (API version 3944462).
LogModuleManager: Display: Found up-to-date module file ../../../Engine/Plugins/Enterprise/DatasmithContent/Binaries/Win64/UE4Editor-DatasmithContent.dll (API version 3944462).
LogModuleManager: Display: Found up-to-date module file ../../../Engine/Plugins/Experimental/AlembicImporter/Binaries/Win64/UE4Editor-AlembicImporter.dll (API version 3944462).
LogModuleManager: Display: Found up-to-date module file ../../../Engine/Plugins/Experimental/AlembicImporter/Binaries/Win64/UE4Editor-AlembicLibrary.dll (API version 3944462).
LogModuleManager: Display: Found up-to-date module file ../../../Engine/Plugins/Experimental/CharacterAI/Binaries/Win64/UE4Editor-CharacterAI.dll (API version 3944462).
LogModuleManager: Display: Found up-to-date module file ../../../Engine/Plugins/Experimental/HTML5Networking/Binaries/Win64/UE4Editor-HTML5Networking.dll (API version 3944462).
LogModuleManager: Display: Found up-to-date module file ../../../Engine/Plugins/Media/AndroidMedia/Binaries/Win64/UE4Editor-AndroidMediaEditor.dll (API version 3944462).
LogModuleManager: Display: Found up-to-date module file ../../../Engine/Plugins/Media/AndroidMedia/Binaries/Win64/UE4Editor-AndroidMediaFactory.dll (API version 3944462).
LogModuleManager: Display: Found up-to-date module file ../../../Engine/Plugins/Media/AvfMedia/Binaries/Win64/UE4Editor-AvfMediaEditor.dll (API version 3944462).
LogModuleManager: Display: Found up-to-date module file ../../../Engine/Plugins/Media/AvfMedia/Binaries/Win64/UE4Editor-AvfMediaFactory.dll (API version 3944462).
LogModuleManager: Display: Found up-to-date module file ../../../Engine/Plugins/Media/AvfMedia/Binaries/Win64/UE4Editor-AvfMediaFactory.dll (API version 3944462).
LogModuleManager: Display: Found up-to-date module file ../../../Engine/Plugins/Media/ImgMedia/Binaries/Win64/UE4Editor-ImgMedia.dll (API version 3944462).
LogModuleManager: Display: Found up-to-date module file ../../../Engine/Plugins/Media/ImgMedia/Binaries/Win64/UE4Editor-ImgMediaEditor.dll (API version 3944462).
LogModuleManager: Display: Found up-to-date module file ../../../Engine/Plugins/Media/ImgMedia/Binaries/Win64/UE4Editor-ImgMediaFactory.dll (API version 3944462).
LogModuleManager: Display: Found up-to-date module file ../../../Engine/Plugins/Media/ImgMedia/Binaries/Win64/UE4Editor-ImgMediaFactory.dll (API version 3944462).
LogModuleManager: Display: Found up-to-date module file ../../../Engine/Plugins/Media/ImgMedia/Binaries/Win64/UE4Editor-OpenExrWrapper.dll (API version 3944462).
LogModuleManager: Display: Found up-to-date module file ../../../Engine/Plugins/Media/LinearTimecode/Binaries/Win64/UE4Editor-LinearTimecode.dll (API version 3944462).
LogModuleManager: Display: Found up-to-date module file ../../../Engine/Plugins/Media/MediaCompositing/Binaries/Win64/UE4Editor-MediaCompositing.dll (API version 3944462).
LogModuleManager: Display: Found up-to-date module file ../../../Engine/Plugins/Media/MediaCompositing/Binaries/Win64/UE4Editor-MediaCompositingEditor.dll (API version 3944462).
LogModuleManager: Display: Found up-to-date module file ../../../Engine/Plugins/Media/MediaPlayerEditor/Binaries/Win64/UE4Editor-MediaPlayerEditor.dll (API version 3944462).
LogModuleManager: Display: Found up-to-date module file ../../../Engine/Plugins/Media/WmfMedia/Binaries/Win64/UE4Editor-WmfMedia.dll (API version 3944462).
LogModuleManager: Display: Found up-to-date module file ../../../Engine/Plugins/Media/WmfMedia/Binaries/Win64/UE4Editor-WmfMediaEditor.dll (API version 3944462).
LogModuleManager: Display: Found up-to-date module file ../../../Engine/Plugins/Media/WmfMedia/Binaries/Win64/UE4Editor-WmfMediaFactory.dll (API version 3944462).
LogModuleManager: Display: Found up-to-date module file ../../../Engine/Plugins/Media/WmfMedia/Binaries/Win64/UE4Editor-WmfMediaFactory.dll (API version 3944462).
LogModuleManager: Display: Found up-to-date module file ../../../Engine/Plugins/Messaging/TcpMessaging/Binaries/Win64/UE4Editor-TcpMessaging.dll (API version 3944462).
LogModuleManager: Display: Found up-to-date module file ../../../Engine/Plugins/Messaging/UdpMessaging/Binaries/Win64/UE4Editor-UdpMessaging.dll (API version 3944462).
LogModuleManager: Display: Found up-to-date module file ../../../Engine/Plugins/MovieScene/ActorSequence/Binaries/Win64/UE4Editor-ActorSequence.dll (API version 3944462).
LogModuleManager: Display: Found up-to-date module file ../../../Engine/Plugins/MovieScene/LevelSequenceEditor/Binaries/Win64/UE4Editor-LevelSequenceEditor.dll (API version 3944462).
LogModuleManager: Display: Found up-to-date module file ../../../Engine/Plugins/MovieScene/MatineeToLevelSequence/Binaries/Win64/UE4Editor-MatineeToLevelSequence.dll (API version 3944462).
LogModuleManager: Display: Found up-to-date module file ../../../Engine/Plugins/NetcodeUnitTest/NetcodeUnitTest/Binaries/Win64/UE4Editor-NetcodeUnitTest.dll (API version 3944462).
LogModuleManager: Display: Found up-to-date module file ../../../Engine/Plugins/NetcodeUnitTest/NUTUnrealEngine4/Binaries/Win64/UE4Editor-NUTUnrealEngine4.dll (API version 3944462).
LogModuleManager: Display: Found up-to-date module file ../../../Engine/Plugins/Online/OnlineSubsystem/Binaries/Win64/UE4Editor-OnlineSubsystem.dll (API version 3944462).
LogModuleManager: Display: Found up-to-date module file ../../../Engine/Plugins/Runtime/AndroidPermission/Binaries/Win64/UE4Editor-AndroidPermission.dll (API version 3944462).
LogModuleManager: Display: Found up-to-date module file ../../../Engine/Plugins/Online/OnlineSubsystemNull/Binaries/Win64/UE4Editor-OnlineSubsystemNull.dll (API version 3944462).
LogModuleManager: Display: Found up-to-date module file ../../../Engine/Plugins/Online/OnlineSubsystemUtils/Binaries/Win64/UE4Editor-OnlineSubsystemUtils.dll (API version 3944462).
LogModuleManager: Display: Found up-to-date module file ../../../Engine/Plugins/Online/OnlineSubsystemUtils/Binaries/Win64/UE4Editor-OnlineBlueprintSupport.dll (API version 3944462).
LogModuleManager: Display: Found up-to-date module file ../../../Engine/Plugins/Runtime/AndroidDeviceProfileSelector/Binaries/Win64/UE4Editor-AndroidDeviceProfileSelector.dll (API version 3944462).
LogModuleManager: Display: Found up-to-date module file ../../../Engine/Plugins/Runtime/AppleARKit/Binaries/Win64/UE4Editor-AppleARKit.dll (API version 3944462).
LogModuleManager: Display: Found up-to-date module file ../../../Engine/Plugins/Runtime/ProceduralMeshComponent/Binaries/Win64/UE4Editor-ProceduralMeshComponent.dll (API version 3944462).
LogModuleManager: Display: Found up-to-date module file ../../../Engine/Plugins/Runtime/ProceduralMeshComponent/Binaries/Win64/UE4Editor-ProceduralMeshComponentEditor.dll (API version 3944462).
LogModuleManager: Display: Found up-to-date module file ../../../Engine/Plugins/Animation/LiveLink/Binaries/Win64/UE4Editor-LiveLink.dll (API version 3944462).
LogModuleManager: Display: Found up-to-date module file ../../../Engine/Plugins/Animation/LiveLink/Binaries/Win64/UE4Editor-LiveLinkEditor.dll (API version 3944462).
LogModuleManager: Display: Found up-to-date module file ../../../Engine/Plugins/Runtime/ArchVisCharacter/Binaries/Win64/UE4Editor-ArchVisCharacter.dll (API version 3944462).
LogModuleManager: Display: Found up-to-date module file ../../../Engine/Plugins/Runtime/AudioCapture/Binaries/Win64/UE4Editor-AudioCapture.dll (API version 3944462).
LogModuleManager: Display: Found up-to-date module file ../../../Engine/Plugins/Runtime/AudioCapture/Binaries/Win64/UE4Editor-AudioCaptureEditor.dll (API version 3944462).
LogModuleManager: Display: Found up-to-date module file ../../../Engine/Plugins/Runtime/CableComponent/Binaries/Win64/UE4Editor-CableComponent.dll (API version 3944462).
LogModuleManager: Display: Found up-to-date module file ../../../Engine/Plugins/Runtime/CustomMeshComponent/Binaries/Win64/UE4Editor-CustomMeshComponent.dll (API version 3944462).
LogModuleManager: Display: Found up-to-date module file ../../../Engine/Plugins/Runtime/ExampleDeviceProfileSelector/Binaries/Win64/UE4Editor-ExampleDeviceProfileSelector.dll (API version 3944462).
LogModuleManager: Display: Found up-to-date module file ../../../Engine/Plugins/Runtime/ImmediatePhysics/Binaries/Win64/UE4Editor-ImmediatePhysics.dll (API version 3944462).
LogModuleManager: Display: Found up-to-date module file ../../../Engine/Plugins/Runtime/ImmediatePhysics/Binaries/Win64/UE4Editor-ImmediatePhysicsEditor.dll (API version 3944462).
LogModuleManager: Display: Found up-to-date module file ../../../Engine/Plugins/Runtime/LocationServicesBPLibrary/Binaries/Win64/UE4Editor-LocationServicesBPLibrary.dll (API version 3944462).
LogModuleManager: Display: Found up-to-date module file ../../../Engine/Plugins/Runtime/MobilePatchingUtils/Binaries/Win64/UE4Editor-MobilePatchingUtils.dll (API version 3944462).
LogModuleManager: Display: Found up-to-date module file ../../../Engine/Plugins/Runtime/Oculus/OculusVR/Binaries/Win64/UE4Editor-OculusHMD.dll (API version 3944462).
LogModuleManager: Display: Found up-to-date module file ../../../Engine/Plugins/Runtime/Oculus/OculusVR/Binaries/Win64/UE4Editor-OculusInput.dll (API version 3944462).
LogModuleManager: Display: Found up-to-date module file ../../../Engine/Plugins/Runtime/Oculus/OculusVR/Binaries/Win64/UE4Editor-OculusEditor.dll (API version 3944462).
LogModuleManager: Display: Found up-to-date module file ../../../Engine/Plugins/Runtime/PhysXVehicles/Binaries/Win64/UE4Editor-PhysXVehicles.dll (API version 3944462).
LogModuleManager: Display: Found up-to-date module file ../../../Engine/Plugins/Runtime/PhysXVehicles/Binaries/Win64/UE4Editor-PhysXVehiclesEditor.dll (API version 3944462).
LogModuleManager: Display: Found up-to-date module file ../../../Engine/Plugins/Runtime/RuntimePhysXCooking/Binaries/Win64/UE4Editor-RuntimePhysXCooking.dll (API version 3944462).
LogModuleManager: Display: Found up-to-date module file ../../../Engine/Plugins/Runtime/Steam/SteamVR/Binaries/Win64/UE4Editor-SteamVR.dll (API version 3944462).
LogModuleManager: Display: Found up-to-date module file ../../../Engine/Plugins/Runtime/Steam/SteamVR/Binaries/Win64/UE4Editor-SteamVRController.dll (API version 3944462).
LogModuleManager: Display: Found up-to-date module file ../../../Engine/Plugins/Runtime/WindowsMoviePlayer/Binaries/Win64/UE4Editor-WindowsMoviePlayer.dll (API version 3944462).
LogPluginManager: Mounting plugin Paper2D
LogPluginManager: Mounting plugin LiveLink
LogPluginManager: Mounting plugin LightPropagationVolume
LogPluginManager: Mounting plugin CLionSourceCodeAccess
LogPluginManager: Mounting plugin CodeLiteSourceCodeAccess
LogPluginManager: Mounting plugin GitSourceControl
LogPluginManager: Mounting plugin KDevelopSourceCodeAccess
LogPluginManager: Mounting plugin NullSourceCodeAccess
LogPluginManager: Mounting plugin PerforceSourceControl
LogPluginManager: Mounting plugin SubversionSourceControl
LogPluginManager: Mounting plugin UObjectPlugin
LogPluginManager: Mounting plugin VisualStudioCodeSourceCodeAccess
LogPluginManager: Mounting plugin VisualStudioSourceCodeAccess
LogPluginManager: Mounting plugin XCodeSourceCodeAccess
LogPluginManager: Mounting plugin AssetManagerEditor
LogPluginManager: Mounting plugin CryptoKeys
LogPluginManager: Mounting plugin DataValidation
LogPluginManager: Mounting plugin FacialAnimation
LogPluginManager: Mounting plugin GameplayTagsEditor
LogPluginManager: Mounting plugin MobileLauncherProfileWizard
LogPluginManager: Mounting plugin PluginBrowser
LogPluginManager: Mounting plugin SpeedTreeImporter
LogPluginManager: Mounting plugin DatasmithContent
LogPluginManager: Mounting plugin AlembicImporter
LogPluginManager: Mounting plugin CharacterAI
LogPluginManager: Mounting plugin HTML5Networking
LogPluginManager: Mounting plugin AndroidMedia
LogPluginManager: Mounting plugin AvfMedia
LogPluginManager: Mounting plugin ImgMedia
LogPluginManager: Mounting plugin LinearTimecode
LogPluginManager: Mounting plugin MediaCompositing
LogPluginManager: Mounting plugin MediaPlayerEditor
LogPluginManager: Mounting plugin WmfMedia
LogPluginManager: Mounting plugin TcpMessaging
LogPluginManager: Mounting plugin UdpMessaging
LogPluginManager: Mounting plugin ActorSequence
LogPluginManager: Mounting plugin LevelSequenceEditor
LogPluginManager: Mounting plugin MatineeToLevelSequence
LogPluginManager: Mounting plugin NetcodeUnitTest
LogPluginManager: Mounting plugin NUTUnrealEngine4
LogPluginManager: Mounting plugin OnlineSubsystemGooglePlay
LogPluginManager: Mounting plugin OnlineSubsystemIOS
LogPluginManager: Mounting plugin OnlineSubsystem
LogPluginManager: Mounting plugin OnlineSubsystemNull
LogPluginManager: Mounting plugin OnlineSubsystemUtils
LogPluginManager: Mounting plugin AndroidDeviceProfileSelector
LogPluginManager: Mounting plugin AndroidMoviePlayer
LogPluginManager: Mounting plugin AndroidPermission
LogPluginManager: Mounting plugin AppleARKit
LogPluginManager: Mounting plugin AppleMoviePlayer
LogPluginManager: Mounting plugin ArchVisCharacter
LogPluginManager: Mounting plugin AudioCapture
LogPluginManager: Mounting plugin CableComponent
LogPluginManager: Mounting plugin CustomMeshComponent
LogPluginManager: Mounting plugin ExampleDeviceProfileSelector
LogPluginManager: Mounting plugin GoogleCloudMessaging
LogPluginManager: Mounting plugin ImmediatePhysics
LogPluginManager: Mounting plugin IOSDeviceProfileSelector
LogPluginManager: Mounting plugin LinuxDeviceProfileSelector
LogPluginManager: Mounting plugin LocationServicesBPLibrary
LogPluginManager: Mounting plugin MobilePatchingUtils
LogPluginManager: Mounting plugin OculusVR
LogPluginManager: Plugin shader directory ../../../Engine/Plugins/Runtime/Oculus/OculusVR/Shaders found
LogPluginManager: Mapping shader source directory ../../../Engine/Plugins/Runtime/Oculus/OculusVR/Shaders to virtual directory /Plugin/OculusVR
LogPluginManager: Mounting plugin PhysXVehicles
LogPluginManager: Mounting plugin ProceduralMeshComponent
LogPluginManager: Mounting plugin RuntimePhysXCooking
LogPluginManager: Mounting plugin SteamVR
LogPluginManager: Mounting plugin WindowsMoviePlayer
LogStreaming: Display: Took  0.914s to configure plugins.
LogInit: Using libcurl 7.47.1
LogInit:  - built for x86_64-pc-win32
LogInit:  - supports SSL with OpenSSL/1.0.2g
LogInit:  - supports HTTP deflate (compression) using libz 1.2.8
LogInit:  - other features:
LogInit:      CURL_VERSION_SSL
LogInit:      CURL_VERSION_LIBZ
LogInit:      CURL_VERSION_IPV6
LogInit:      CURL_VERSION_ASYNCHDNS
LogInit:      CURL_VERSION_LARGEFILE
LogInit:      CURL_VERSION_IDN
LogInit:  CurlRequestOptions (configurable via config and command line):
LogInit:  - bVerifyPeer = false  - Libcurl will NOT verify peer certificate
LogInit:  - bUseHttpProxy = false  - Libcurl will NOT use HTTP proxy
LogInit:  - bDontReuseConnections = false  - Libcurl will reuse connections
LogInit:  - CertBundlePath = nullptr  - Libcurl will use whatever was configured at build time.
LogInit:  - MaxHostConnections = 16  - Libcurl will limit the number of connections to a host
LogInit:  - LocalHostAddr = Default
LogInit: WinSock: version 1.1 (2.2), MaxSocks=32767, MaxUdp=65467
LogInit: WinSock: I am DESKTOP-0KBNAKL (192.168.0.114:0)
LogInit: Build: ++UE4+Release-4.19-CL-4033788
LogInit: Engine Version: 4.19.2-4033788+++UE4+Release-4.19
LogInit: Compatible Engine Version: 4.19.0-3944462+++UE4+Release-4.19
LogInit: Net CL: 3944462
LogDevObjectVersion: Number of dev versions registered: 18
LogDevObjectVersion:   Dev-Blueprints (B0D832E4-1F89-4F0D-ACCF-7EB736FD4AA2): 10
LogDevObjectVersion:   Dev-Build (E1C64328-A22C-4D53-A36C-8E866417BD8C): 0
LogDevObjectVersion:   Dev-Core (375EC13C-06E4-48FB-B500-84F0262A717E): 2
LogDevObjectVersion:   Dev-Editor (E4B068ED-F494-42E9-A231-DA0B2E46BB41): 23
LogDevObjectVersion:   Dev-Framework (CFFC743F-43B0-4480-9391-14DF171D2073): 33
LogDevObjectVersion:   Dev-Mobile (B02B49B5-BB20-44E9-A304-32B752E40360): 2
LogDevObjectVersion:   Dev-Networking (A4E4105C-59A1-49B5-A7C5-40C4547EDFEE): 0
LogDevObjectVersion:   Dev-Online (39C831C9-5AE6-47DC-9A44-9C173E1C8E7C): 0
LogDevObjectVersion:   Dev-Physics (78F01B33-EBEA-4F98-B9B4-84EACCB95AA2): 0
LogDevObjectVersion:   Dev-Platform (6631380F-2D4D-43E0-8009-CF276956A95A): 0
LogDevObjectVersion:   Dev-Rendering (12F88B9F-8875-4AFC-A67C-D90C383ABD29): 25
LogDevObjectVersion:   Dev-Sequencer (7B5AE74C-D270-4C10-A958-57980B212A5A): 6
LogDevObjectVersion:   Dev-VR (D7296918-1DD6-4BDD-9DE2-64A83CC13884): 1
LogDevObjectVersion:   Dev-LoadTimes (C2A15278-BFE7-4AFE-6C17-90FF531DF755): 1
LogDevObjectVersion:   Private-Geometry (6EACA3D4-40EC-4CC1-B786-8BED09428FC5): 2
LogDevObjectVersion:   Dev-AnimPhys (29E575DD-E0A3-4627-9D10-D276232CDCEA): 16
LogDevObjectVersion:   Dev-ReflectionCapture (6B266CEC-1EC7-4B8F-A30B-E4D90942FC07): 1
LogDevObjectVersion:   Dev-Automation (0DF73D61-A23F-47EA-B727-89E90C41499A): 1
LogInit: Compiled (64-bit): Apr 27 2018 02:06:57
LogInit: Compiled with Visual C++: 19.00.24215.01
LogInit: Build Configuration: Development
LogInit: Branch Name: ++UE4+Release-4.19
LogInit: Command Line: 
LogInit: Base Directory: D:/Games/EpicGames/UE_4.19/Engine/Binaries/Win64/
LogInit: Installed Engine Build: 1
LogStreaming: Display: Took  0.001s to delete old logs.
LogInit: Presizing for max 8388607 objects, including 0 objects not considered by GC, pre-allocating 0 bytes for permanent pool.
LogInit: Object subsystem initialized
[2019.01.24-07.05.48:363][  0]LogInit: Selected Device Profile: [Windows]
[2019.01.24-07.05.48:363][  0]LogInit: Applying CVar settings loaded from the selected device profile: [Windows]
[2019.01.24-07.05.48:379][  0]LogInit: Computer: DESKTOP-0KBNAKL
[2019.01.24-07.05.48:379][  0]LogInit: User: Samusamu
[2019.01.24-07.05.48:379][  0]LogInit: CPU Page size=4096, Cores=8
[2019.01.24-07.05.48:379][  0]LogInit: High frequency timer resolution =10.000000 MHz
[2019.01.24-07.05.48:379][  0]LogMemory: Memory total: Physical=15.9GB (16GB approx)
[2019.01.24-07.05.48:379][  0]LogMemory: Platform Memory Stats for Windows
[2019.01.24-07.05.48:379][  0]LogMemory: Process Physical Memory: 276.78 MB used, 276.78 MB peak
[2019.01.24-07.05.48:379][  0]LogMemory: Process Virtual Memory: 274.32 MB used, 274.32 MB peak
[2019.01.24-07.05.48:379][  0]LogMemory: Physical Memory: 8114.39 MB used,  8201.64 MB free, 16316.03 MB total
[2019.01.24-07.05.48:379][  0]LogMemory: Virtual Memory: 4828.62 MB used,  8201.64 MB free, 134217728.00 MB total
[2019.01.24-07.05.48:396][  0]LogInit: Using OS detected language (en-US).
[2019.01.24-07.05.48:396][  0]LogInit: Using OS detected locale (en-MY).
[2019.01.24-07.05.48:399][  0]LogTextLocalizationManager: No specific localization for 'en-US' exists, so the 'en' localization will be used.
[2019.01.24-07.05.48:891][  0]LogStreaming: Display: Took  0.495s to EndInitTextLocalization.
[2019.01.24-07.05.48:891][  0]LogInit: Setting process to per monitor DPI aware
[2019.01.24-07.05.48:928][  0]LogSlate: New Slate User Created.  User Index 0, Is Virtual User: 0
[2019.01.24-07.05.48:928][  0]LogSlate: Slate User Registered.  User Index 0, Is Virtual User: 0
[2019.01.24-07.05.49:145][  0]LogD3D11RHI: D3D11 adapters:
[2019.01.24-07.05.49:206][  0]LogD3D11RHI:    0. 'NVIDIA GeForce GTX 1070 Ti' (Feature Level 11_0)
[2019.01.24-07.05.49:206][  0]LogD3D11RHI:       8080/0/8158 MB DedicatedVideo/DedicatedSystem/SharedSystem, Outputs:1, VendorId:0x10de
[2019.01.24-07.05.49:209][  0]LogD3D11RHI:    1. 'Microsoft Basic Render Driver' (Feature Level 11_0)
[2019.01.24-07.05.49:209][  0]LogD3D11RHI:       0/0/8158 MB DedicatedVideo/DedicatedSystem/SharedSystem, Outputs:0, VendorId:0x1414
[2019.01.24-07.05.49:209][  0]LogD3D11RHI: Chosen D3D11 Adapter: 0
[2019.01.24-07.05.49:219][  0]LogD3D11RHI: Creating new Direct3DDevice
[2019.01.24-07.05.49:219][  0]LogD3D11RHI:     GPU DeviceId: 0x1b82 (for the marketing name, search the web for "GPU Device Id")
[2019.01.24-07.05.49:219][  0]LogWindows: EnumDisplayDevices:
[2019.01.24-07.05.49:219][  0]LogWindows:    0. 'NVIDIA GeForce GTX 1070 Ti' (P:1 D:1)
[2019.01.24-07.05.49:219][  0]LogWindows:    1. 'NVIDIA GeForce GTX 1070 Ti' (P:0 D:0)
[2019.01.24-07.05.49:219][  0]LogWindows:    2. 'NVIDIA GeForce GTX 1070 Ti' (P:0 D:0)
[2019.01.24-07.05.49:219][  0]LogWindows:    3. 'NVIDIA GeForce GTX 1070 Ti' (P:0 D:0)
[2019.01.24-07.05.49:220][  0]LogWindows: DebugString: GetVideoDriverDetailsInvalid PrimaryIsNotTheChoosenAdapter GetVideoDriverDetailsInvalid PrimaryIsNotTheChoosenAdapter GetVideoDriverDetailsInvalid PrimaryIsNotTheChoosenAdapter GetVideoDriverDetailsInvalid PrimaryIsNotTheChoosenAdapter FoundDriverCount:0 
[2019.01.24-07.05.49:220][  0]LogD3D11RHI:     Adapter Name: NVIDIA GeForce GTX 1070 Ti
[2019.01.24-07.05.49:220][  0]LogD3D11RHI:   Driver Version: Unknown (internal:Unknown, unified:Unknown)
[2019.01.24-07.05.49:220][  0]LogD3D11RHI:      Driver Date: Unknown
[2019.01.24-07.05.49:220][  0]LogRHI: Texture pool is 5656 MB (70% of 8080 MB)
[2019.01.24-07.05.49:264][  0]LogD3D11RHI: [Aftermath] Aftermath enabled and primed
[2019.01.24-07.05.49:264][  0]LogD3D11RHI: [Aftermath] Aftermath enabled and primed
[2019.01.24-07.05.49:264][  0]LogD3D11RHI: Async texture creation enabled
[2019.01.24-07.05.49:282][  0]LogD3D11RHI: GPU Timing Frequency: 1000.000000 (Debug: 2 2)
[2019.01.24-07.05.49:332][  0]LogShaderCompilers: Guid format shader working directory is 5 characters bigger than the processId version (../../../../../../Samusamu/KDU/Sem 7/LIT/LIT/Intermediate/Shaders/WorkingDirectory/7120/).
[2019.01.24-07.05.49:332][  0]LogShaderCompilers: Cleaned the shader compiler working directory 'C:/Users/Samusamu/AppData/Local/Temp/UnrealShaderWorkingDir/00E9BBD34520575F8388ACBEA0AE9E45/'.
[2019.01.24-07.05.49:538][  0]LogTemp: Display: Loaded TP AllDesktopTargetPlatform
[2019.01.24-07.05.49:556][  0]LogTemp: Display: Loaded TP MacClientTargetPlatform
[2019.01.24-07.05.49:573][  0]LogTemp: Display: Loaded TP MacNoEditorTargetPlatform
[2019.01.24-07.05.49:591][  0]LogTemp: Display: Loaded TP MacServerTargetPlatform
[2019.01.24-07.05.49:610][  0]LogTemp: Display: Loaded TP MacTargetPlatform
[2019.01.24-07.05.49:628][  0]LogTemp: Display: Loaded TP WindowsClientTargetPlatform
[2019.01.24-07.05.49:646][  0]LogTemp: Display: Loaded TP WindowsNoEditorTargetPlatform
[2019.01.24-07.05.49:664][  0]LogTemp: Display: Loaded TP WindowsServerTargetPlatform
[2019.01.24-07.05.49:673][  0]LogTemp: Display: Loaded TP WindowsTargetPlatform
[2019.01.24-07.05.49:689][  0]LogTemp: Display: Loaded TP Android_ASTCTargetPlatform
[2019.01.24-07.05.49:705][  0]LogTemp: Display: Loaded TP Android_ATCTargetPlatform
[2019.01.24-07.05.49:720][  0]LogTemp: Display: Loaded TP Android_DXTTargetPlatform
[2019.01.24-07.05.49:736][  0]LogTemp: Display: Loaded TP Android_ETC1aTargetPlatform
[2019.01.24-07.05.49:752][  0]LogTemp: Display: Loaded TP Android_ETC1TargetPlatform
[2019.01.24-07.05.49:768][  0]LogTemp: Display: Loaded TP Android_ETC2TargetPlatform
[2019.01.24-07.05.49:799][  0]LogTemp: Display: Loaded TP Android_MultiTargetPlatform
[2019.01.24-07.05.49:799][  0]LogTemp: Display: Loaded TP Android_PVRTCTargetPlatform
[2019.01.24-07.05.49:818][  0]LogTemp: Display: Loaded TP AndroidTargetPlatform
[2019.01.24-07.05.49:820][  0]LogTemp: Display: Loaded TP HTML5TargetPlatform
[2019.01.24-07.05.49:861][  0]LogTemp: Display: Loaded TP IOSTargetPlatform
[2019.01.24-07.05.49:876][  0]LogTemp: Display: Loaded TP TVOSTargetPlatform
[2019.01.24-07.05.49:894][  0]LogTemp: Display: Loaded TP LinuxClientTargetPlatform
[2019.01.24-07.05.49:911][  0]LogTemp: Display: Loaded TP LinuxNoEditorTargetPlatform
[2019.01.24-07.05.49:926][  0]LogTemp: Display: Loaded TP LinuxServerTargetPlatform
[2019.01.24-07.05.49:942][  0]LogTemp: Display: Loaded TP LinuxTargetPlatform
[2019.01.24-07.05.49:942][  0]LogTargetPlatformManager: Display: Building Assets For Windows
[2019.01.24-07.05.50:056][  0]LogXGEController: Cannot use XGE Controller as Incredibuild is not installed on this machine.
[2019.01.24-07.05.50:056][  0]LogShaderCompilers: Cannot use XGE Shader Compiler as Incredibuild is not installed on this machine.
[2019.01.24-07.05.50:056][  0]LogShaderCompilers: Display: Using Local Shader Compiler.
[2019.01.24-07.05.50:803][  0]LogDerivedDataCache: Display: Max Cache Size: 512 MB
[2019.01.24-07.05.50:885][  0]LogDerivedDataCache: Loaded boot cache 0.08s 74MB C:/Users/Samusamu/AppData/Local/UnrealEngine/4.19/DerivedDataCache/Boot.ddc.
[2019.01.24-07.05.50:886][  0]LogDerivedDataCache: Display: Loaded Boot cache: C:/Users/Samusamu/AppData/Local/UnrealEngine/4.19/DerivedDataCache/Boot.ddc
[2019.01.24-07.05.50:886][  0]LogDerivedDataCache: FDerivedDataBackendGraph:  Pak pak cache file ../../../../../../Samusamu/KDU/Sem 7/LIT/LIT/DerivedDataCache/DDC.ddp not found, will not use a pak cache.
[2019.01.24-07.05.50:886][  0]LogDerivedDataCache: Unable to find inner node Pak for hierarchical cache Hierarchy.
[2019.01.24-07.05.50:886][  0]LogDerivedDataCache: FDerivedDataBackendGraph:  CompressedPak pak cache file ../../../../../../Samusamu/KDU/Sem 7/LIT/LIT/DerivedDataCache/Compressed.ddp not found, will not use a pak cache.
[2019.01.24-07.05.50:886][  0]LogDerivedDataCache: Unable to find inner node CompressedPak for hierarchical cache Hierarchy.
[2019.01.24-07.05.50:906][  0]LogDerivedDataCache: Display: Pak cache opened for reading ../../../Engine/DerivedDataCache/Compressed.ddp.
[2019.01.24-07.05.50:919][  0]LogDerivedDataCache: Using Local data cache path C:/Users/Samusamu/AppData/Local/UnrealEngine/Common/DerivedDataCache: Writable
[2019.01.24-07.05.50:919][  0]LogDerivedDataCache: Shared data cache path not found in *engine.ini, will not use an Shared cache.
[2019.01.24-07.05.50:919][  0]LogDerivedDataCache: Unable to find inner node Shared for hierarchical cache Hierarchy.
[2019.01.24-07.05.50:934][  0]LogMaterial: Verifying Global Shaders for PCD3D_SM5
[2019.01.24-07.05.50:934][  0]LogSlate: Using Freetype 2.6.0
[2019.01.24-07.05.50:934][  0]LogSlate: SlateFontCache - WITH_FREETYPE: 1, WITH_HARFBUZZ: 1
[2019.01.24-07.05.50:934][  0]LogSlate: SlateFontCache - WITH_FREETYPE: 1, WITH_HARFBUZZ: 1
[2019.01.24-07.05.51:063][  0]LogAssetRegistry: FAssetRegistry took 0.0283 seconds to start up
[2019.01.24-07.05.51:433][  0]LogInit: Selected Device Profile: [Windows]
[2019.01.24-07.05.51:585][  0]LogSimplygon: Simplygon DLL not present - disabling.
[2019.01.24-07.05.51:588][  0]LogMeshReduction: Using SimplygonSwarm for distributed automatic mesh merging
[2019.01.24-07.05.51:588][  0]LogMeshReduction: Using QuadricMeshReduction for automatic static mesh reduction
[2019.01.24-07.05.51:588][  0]LogMeshReduction: No automatic skeletal mesh reduction module available
[2019.01.24-07.05.51:588][  0]LogMeshReduction: No automatic mesh merging module available
[2019.01.24-07.05.51:589][  0]LogMeshMerging: No automatic mesh merging module available
[2019.01.24-07.05.51:618][  0]LogNetVersion: LIT , NetCL: 3944462, EngineNetVer: 2, GameNetVer: 0 (Checksum: 2512192070)
[2019.01.24-07.05.52:077][  0]LogPackageLocalizationCache: Processed 9 localized package path(s) for 2 prioritized culture(s) in 0.075438 seconds
[2019.01.24-07.05.52:084][  0]LogUObjectArray: 36728 objects as part of root set at end of initial load.
[2019.01.24-07.05.52:084][  0]LogUObjectAllocator: 7314304 out of 0 bytes used by permanent object pool.
[2019.01.24-07.05.52:084][  0]LogUObjectArray: CloseDisregardForGC: 0/0 objects in disregard for GC pool
[2019.01.24-07.05.53:713][  0]LogTcpMessaging: Initializing TcpMessaging bridge
[2019.01.24-07.05.53:742][  0]LogUdpMessaging: Initializing bridge on interface 0.0.0.0:0 to multicast group 230.0.0.1:6666.
[2019.01.24-07.05.54:087][  0]SourceControl: Source control is disabled
[2019.01.24-07.05.54:087][  0]SourceControl: Source control is disabled
[2019.01.24-07.05.54:104][  0]SourceControl: Source control is disabled
[2019.01.24-07.05.54:121][  0]SourceControl: Source control is disabled
[2019.01.24-07.05.54:584][  0]LogAndroidPermission: UAndroidPermissionCallbackProxy::GetInstance
[2019.01.24-07.05.54:762][  0]LogOcInput: OculusInput pre-init called
[2019.01.24-07.05.54:871][  0]LogEngine: Initializing Engine...
[2019.01.24-07.05.54:873][  0]LogHMD: Failed to initialize OpenVR with code 110
[2019.01.24-07.05.54:874][  0]LogStats: UGameplayTagsManager::ConstructGameplayTagTree: Construct from data asset -  0.000 s
[2019.01.24-07.05.54:874][  0]LogStats: UGameplayTagsManager::ConstructGameplayTagTree: GameplayTagTreeChangedEvent.Broadcast -  0.000 s
[2019.01.24-07.05.55:122][  0]LogAIModule: Creating AISystem for world Untitled
[2019.01.24-07.05.55:147][  0]LogInit: XAudio2 using 'Speakers (Realtek High Definition Audio)' : 2 channels at 48 kHz using 32 bits per sample (channel mask 0x3)
[2019.01.24-07.05.55:168][  0]LogInit: FAudioDevice initialized.
[2019.01.24-07.05.55:323][  0]LogDerivedDataCache: Saved boot cache 0.16s 74MB C:/Users/Samusamu/AppData/Local/UnrealEngine/4.19/DerivedDataCache/Boot.ddc.
[2019.01.24-07.05.55:347][  0]LogInit: Texture streaming: Enabled
[2019.01.24-07.05.55:366][  0]LogEngineSessionManager: EngineSessionManager initialized
[2019.01.24-07.05.55:383][  0]LogInit: Transaction tracking system initialized
[2019.01.24-07.05.55:408][  0]BlueprintLog: New page: Editor Load
[2019.01.24-07.05.55:492][  0]LocalizationService: Localization service is disabled
[2019.01.24-07.05.55:593][  0]LogConsoleResponse: Display: 
[2019.01.24-07.05.55:739][  0]LogCook: Display: Max memory allowance for cook 16384mb min free memory 0mb
[2019.01.24-07.05.55:739][  0]LogCook: Display: Mobile HDR setting 1
[2019.01.24-07.05.55:739][  0]LogGameplayTags: Display: UGameplayTagsManager::DoneAddingNativeTags. DelegateIsBound: 0
[2019.01.24-07.05.55:739][  0]LogStats: UGameplayTagsManager::ConstructGameplayTagTree: Construct from data asset -  0.000 s
[2019.01.24-07.05.55:739][  0]LogStats: UGameplayTagsManager::ConstructGameplayTagTree: GameplayTagTreeChangedEvent.Broadcast -  0.000 s
[2019.01.24-07.05.56:007][  0]LogFileCache: Scanning file cache for directory 'D:/Samusamu/KDU/Sem 7/LIT/LIT/Content/' took 0.02s
[2019.01.24-07.05.56:110][  0]SourceControl: Source control is disabled
[2019.01.24-07.05.56:110][  0]Cmd: MAP LOAD FILE="../../../../../../Samusamu/KDU/Sem 7/LIT/LIT/Content/Maps/Travel_1.umap" TEMPLATE=0 SHOWPROGRESS=1 FEATURELEVEL=3
[2019.01.24-07.05.56:111][  0]LightingResults: New page: Lighting Build
[2019.01.24-07.05.56:113][  0]MapCheck: New page: Map Check
[2019.01.24-07.05.56:114][  0]LightingResults: New page: Lighting Build
[2019.01.24-07.05.56:219][  0]LogUObjectGlobals: Created PersistentFrame Addr=0x00000161023727c0, Size=64, Default__ThirdPerson_AnimBP_C Function /Game/Mannequin/Animations/ThirdPerson_AnimBP.ThirdPerson_AnimBP_C:ExecuteUbergraph_ThirdPerson_AnimBP
[2019.01.24-07.05.56:234][  0]LogUObjectGlobals: Destroyed PersistentFrame Addr=0x00000161023727c0, Size=64
[2019.01.24-07.05.56:234][  0]LogUObjectGlobals: Created PersistentFrame Addr=0x0000016102372400, Size=64, Default__ThirdPerson_AnimBP_C Function /Engine/Transient.REINST_ThirdPerson_AnimBP_C_0:ExecuteUbergraph_ThirdPerson_AnimBP
[2019.01.24-07.05.56:243][  0]LogUObjectGlobals: Created PersistentFrame Addr=0x000001610301a6b0, Size=72, Default__ThirdPerson_AnimBP_C Function /Game/Mannequin/Animations/ThirdPerson_AnimBP.ThirdPerson_AnimBP_C:ExecuteUbergraph_ThirdPerson_AnimBP
[2019.01.24-07.05.56:386][  0]LogUObjectGlobals: Created PersistentFrame Addr=0x0000016102ff0800, Size=392, Default__ThirdPersonCharacter_C Function /Game/ThirdPersonBP/Blueprints/ThirdPersonCharacter.ThirdPersonCharacter_C:ExecuteUbergraph_ThirdPersonCharacter
[2019.01.24-07.05.56:394][  0]LogUObjectGlobals: Destroyed PersistentFrame Addr=0x0000016102ff0800, Size=392
[2019.01.24-07.05.56:394][  0]LogUObjectGlobals: Created PersistentFrame Addr=0x0000016102f865c0, Size=392, Default__ThirdPersonCharacter_C Function /Engine/Transient.REINST_ThirdPersonCharacter_C_4:ExecuteUbergraph_ThirdPersonCharacter
[2019.01.24-07.05.56:401][  0]LogUObjectGlobals: Created PersistentFrame Addr=0x0000016102f84640, Size=392, Default__ThirdPersonCharacter_C Function /Game/ThirdPersonBP/Blueprints/ThirdPersonCharacter.ThirdPersonCharacter_C:ExecuteUbergraph_ThirdPersonCharacter
[2019.01.24-07.05.56:569][  0]LogSkeletalMesh: Skeletal Mesh found in DDC [12.176800ms] /Game/Mannequin/Character/Mesh/SK_Mannequin.SK_Mannequin
[2019.01.24-07.05.56:705][  0]LogAIModule: Creating AISystem for world Travel_1
[2019.01.24-07.05.56:714][  0]LogEditorServer: Finished looking for orphan Actors (0.000 secs)
[2019.01.24-07.05.56:724][  0]LogUObjectGlobals: Destroyed PersistentFrame Addr=0x0000016102372400, Size=64
[2019.01.24-07.05.56:724][  0]LogUObjectGlobals: Destroyed PersistentFrame Addr=0x0000016102f865c0, Size=392
[2019.01.24-07.05.56:725][  0]Cmd: MAP CHECKDEP NOCLEARLOG
[2019.01.24-07.05.56:774][  0]MapCheck: Map check complete: 0 Error(s), 0 Warning(s), took 48.797ms to complete.
[2019.01.24-07.05.56:774][  0]LogFileHelpers: Loading map 'Travel_1' took 0.664
[2019.01.24-07.05.56:942][  0]LogCollectionManager: Loaded 0 collections in 0.001983 seconds
[2019.01.24-07.05.56:984][  0]LogFileCache: Scanning file cache for directory 'D:/Samusamu/KDU/Sem 7/LIT/LIT/Saved/Collections/' took 0.01s
[2019.01.24-07.05.56:984][  0]LogFileCache: Scanning file cache for directory 'D:/Samusamu/KDU/Sem 7/LIT/LIT/Content/Developers/Samusamu/Collections/' took 0.01s
[2019.01.24-07.05.56:984][  0]LogFileCache: Scanning file cache for directory 'D:/Samusamu/KDU/Sem 7/LIT/LIT/Content/Collections/' took 0.01s
[2019.01.24-07.05.56:984][  0]LogCollectionManager: Rebuilt the GUID cache for 0 collections in 0.000000 seconds
[2019.01.24-07.05.56:996][  0]LogContentBrowser: Native class hierarchy populated in 0.0124 seconds. Added 2452 classes and 558 folders.
[2019.01.24-07.05.57:006][  0]LogContentBrowser: Native class hierarchy updated for 'WidgetCarousel' in 0.0003 seconds. Added 0 classes and 0 folders.
[2019.01.24-07.05.57:339][  0]LogContentBrowser: Native class hierarchy updated for 'AddContentDialog' in 0.0002 seconds. Added 0 classes and 0 folders.
[2019.01.24-07.05.57:344][  0]LogContentBrowser: Native class hierarchy updated for 'SceneOutliner' in 0.0003 seconds. Added 1 classes and 2 folders.
[2019.01.24-07.05.57:362][  0]LogSlate: Took 0.000281 seconds to synchronously load lazily loaded font '../../../Engine/Content/Slate/Fonts/Roboto-Regular.ttf' (155K)
[2019.01.24-07.05.57:365][  0]LogSlate: Took 0.000385 seconds to synchronously load lazily loaded font '../../../Engine/Content/Slate/Fonts/Roboto-Bold.ttf' (160K)
[2019.01.24-07.05.57:378][  0]LogSlate: Took 0.005457 seconds to synchronously load lazily loaded font '../../../Engine/Content/Editor/Slate/Fonts/FontAwesome.ttf' (139K)
[2019.01.24-07.05.57:542][  0]LogRenderer: Reallocating scene render targets to support 1208x576 Format 10 NumSamples 1 (Frame:1).
[2019.01.24-07.05.57:665][  0]LogContentBrowser: Native class hierarchy updated for 'HierarchicalLODOutliner' in 0.0003 seconds. Added 0 classes and 0 folders.
[2019.01.24-07.05.57:665][  0]LogLoad: (Engine Initialization) Total time: 12.11 seconds
[2019.01.24-07.05.57:665][  0]LogLoad: (Engine Initialization) Total Blueprint compile time: 0.00 seconds
[2019.01.24-07.05.57:695][  0]LogContentStreaming: Texture pool size now 1000 MB
[2019.01.24-07.05.57:732][  0]LogSlate: Took 0.000206 seconds to synchronously load lazily loaded font '../../../Engine/Content/Slate/Fonts/Roboto-Light.ttf' (167K)
[2019.01.24-07.05.57:753][  1]LogAssetRegistry: Asset discovery search completed in 6.7133 seconds
[2019.01.24-07.05.57:755][  1]LogCollectionManager: Rebuilt the object cache for 0 collections in 0.000000 seconds (found 0 objects)
[2019.01.24-07.05.57:755][  1]LogCollectionManager: Fixed up redirectors for 0 collections in 0.000051 seconds (updated 0 objects)
[2019.01.24-07.05.58:705][105]LogSlate: Took 0.000250 seconds to synchronously load lazily loaded font '../../../Engine/Content/Slate/Fonts/Roboto-Light.ttf' (167K)
[2019.01.24-07.05.59:677][220]LogEditorViewport: Clicking on Actor (LMB): ThirdPersonCharacter_C (ThirdPersonCharacter)
[2019.01.24-07.06.23:287][636]LogSlate: FSceneViewport::OnFocusLost() reason 2
[2019.01.24-07.06.26:559][952]LogSlate: Prevented a slow task dialog from being summoned while a context menu was open
[2019.01.24-07.06.26:873][952]LogContentBrowser: Native class hierarchy updated for 'BlueprintGraph' in 0.0007 seconds. Added 116 classes and 0 folders.
[2019.01.24-07.06.27:215][952]LogUObjectGlobals: Created PersistentFrame Addr=0x0000016140aae838, Size=4, Default__SKEL_PROTO_BP_AnimBlueprint_0_C Function /Engine/Transient.SKEL_PROTO_BP_AnimBlueprint_0_C:ExecuteUbergraph_PROTO_BP_AnimBlueprint_0
[2019.01.24-07.06.27:216][952]LogUObjectGlobals: Created PersistentFrame Addr=0x0000016140aae830, Size=4, Default__PROTO_BP_AnimBlueprint_0_C Function /Engine/Transient.PROTO_BP_AnimBlueprint_0_C:ExecuteUbergraph_PROTO_BP_AnimBlueprint_0
[2019.01.24-07.06.27:721][952]LogSlate: Took 0.000237 seconds to synchronously load lazily loaded font '../../../Engine/Content/Slate/Fonts/Roboto-BoldCondensed.ttf' (158K)
[2019.01.24-07.06.27:897][953]LogSlate: Took 0.000259 seconds to synchronously load lazily loaded font '../../../Engine/Content/Slate/Fonts/Roboto-Italic.ttf' (157K)
[2019.01.24-07.15.58:147][668]LogFileHelpers: Editor autosave (incl. sublevels) for '/Game/Maps/Travel_1' took 0.021
[2019.01.24-07.15.58:149][668]OBJ SavePackage: Generating thumbnails for [1] asset(s) in package [/Game/ThirdPersonBP/Blueprints/ThirdPersonCharacter] ([1] browsable assets)...
[2019.01.24-07.15.58:173][668]OBJ SavePackage:     Rendered thumbnail for [Blueprint /Game/ThirdPersonBP/Blueprints/ThirdPersonCharacter.ThirdPersonCharacter]
[2019.01.24-07.15.58:174][668]OBJ SavePackage: Finished generating thumbnails for package [/Game/ThirdPersonBP/Blueprints/ThirdPersonCharacter]
[2019.01.24-07.15.58:244][668]LogSavePackage: Save=59.43ms
[2019.01.24-07.15.58:244][668]LogSavePackage: Moving '../../../../../../Samusamu/KDU/Sem 7/LIT/LIT/Saved/ThirdPersonCharacter_Auto1B532D2D34272C64B9453289F26CD0D8B.tmp' to '../../../../../../Samusamu/KDU/Sem 7/LIT/LIT/Saved/Autosaves/Game/ThirdPersonBP/Blueprints/ThirdPersonCharacter_Auto1.uasset'
[2019.01.24-07.15.58:245][668]LogSavePackage: Display: Finished SavePackage ../../../../../../Samusamu/KDU/Sem 7/LIT/LIT/Saved/Autosaves/Game/ThirdPersonBP/Blueprints/ThirdPersonCharacter_Auto1.uasset
[2019.01.24-07.15.58:245][668]LogFileHelpers: Auto-saving content packages took 0.097
[2019.01.24-07.26.07:756][444]BlueprintLog: New page: Compile ThirdPersonCharacter
[2019.01.24-07.26.07:787][444]LogUObjectGlobals: Destroyed PersistentFrame Addr=0x0000016102f84640, Size=392
[2019.01.24-07.26.07:787][444]LogUObjectGlobals: Created PersistentFrame Addr=0x0000016193cdc640, Size=392, Default__ThirdPersonCharacter_C Function /Engine/Transient.REINST_ThirdPersonCharacter_C_24:ExecuteUbergraph_ThirdPersonCharacter
[2019.01.24-07.26.07:795][444]LogUObjectGlobals: Created PersistentFrame Addr=0x0000016102ee0800, Size=392, Default__ThirdPersonCharacter_C Function /Game/ThirdPersonBP/Blueprints/ThirdPersonCharacter.ThirdPersonCharacter_C:ExecuteUbergraph_ThirdPersonCharacter
[2019.01.24-07.26.09:295][472]LogSavePackage: Save=305.22ms
[2019.01.24-07.26.09:295][472]LogSavePackage: Moving '../../../../../../Samusamu/KDU/Sem 7/LIT/LIT/Saved/ThirdPersonCharacterAADBF277447DA25836CF84AC0F5A8BA4.tmp' to '../../../../../../Samusamu/KDU/Sem 7/LIT/LIT/Content/ThirdPersonBP/Blueprints/ThirdPersonCharacter.uasset'
[2019.01.24-07.26.09:297][472]LogSavePackage: Display: Finished SavePackage ../../../../../../Samusamu/KDU/Sem 7/LIT/LIT/Content/ThirdPersonBP/Blueprints/ThirdPersonCharacter.uasset
[2019.01.24-07.26.13:975][711]LogEditorViewport: Clicking on Actor (LMB): ThirdPersonCharacter_C (ThirdPersonCharacter)
[2019.01.24-07.26.14:036][713]LogEditorViewport: Clicking on Component (LMB): SkeletalMeshComponent (CharacterMesh0)
[2019.01.24-07.26.14:732][758]LogEditorViewport: Clicking on Component (LMB): SkeletalMeshComponent (CharacterMesh0)
[2019.01.24-07.26.15:775][832]LogEditorViewport: Clicking on Component (LMB): SkeletalMeshComponent (CharacterMesh0)
[2019.01.24-07.26.15:838][835]LogEditorViewport: Clicking on Actor (double click): ThirdPersonCharacter_C (ThirdPersonCharacter)
[2019.01.24-07.26.16:233][854]Cmd: DELETE
[2019.01.24-07.26.16:233][854]Cmd: ACTOR DELETE
[2019.01.24-07.26.16:235][854]LogEditorActor: Deleted Actor: ThirdPersonCharacter_C
[2019.01.24-07.26.16:280][854]LogEditorActor: Deleted 1 Actors (0.046 secs)
[2019.01.24-07.26.17:293][942]LogSlate: FSceneViewport::OnFocusLost() reason 0
[2019.01.24-07.26.17:348][947]LogTemp: Repeating last play command: Simulate
[2019.01.24-07.26.17:371][947]LogPlayLevel: PlayLevel: No blueprints needed recompiling
[2019.01.24-07.26.17:372][947]PIE: New page: SIE session: Travel_1 (Jan 24, 2019, 11:26:17 PM)
[2019.01.24-07.26.17:372][947]LogPlayLevel: Creating play world package: /Game/Maps/UEDPIE_0_Travel_1
[2019.01.24-07.26.17:375][947]LogPlayLevel: PIE: StaticDuplicateObject took: (0.002886s)
[2019.01.24-07.26.17:375][947]LogAIModule: Creating AISystem for world Travel_1
[2019.01.24-07.26.17:376][947]LogPlayLevel: PIE: World Init took: (0.001057s)
[2019.01.24-07.26.17:376][947]LogPlayLevel: PIE: Created PIE world by copying editor world from /Game/Maps/Travel_1.Travel_1 to /Game/Maps/UEDPIE_0_Travel_1.Travel_1 (0.004125s)
[2019.01.24-07.26.17:408][947]LogInit: XAudio2 using 'Speakers (Realtek High Definition Audio)' : 2 channels at 48 kHz using 32 bits per sample (channel mask 0x3)
[2019.01.24-07.26.17:424][947]LogInit: FAudioDevice initialized.
[2019.01.24-07.26.17:466][947]LogLoad: Game class is 'ThirdPersonGameMode_C'
[2019.01.24-07.26.17:468][947]LogWorld: Bringing World /Game/Maps/UEDPIE_0_Travel_1.Travel_1 up for play (max tick rate 0) at 2019.01.24-15.26.17
[2019.01.24-07.26.17:468][947]LogWorld: Bringing up level for play took: 0.000619
[2019.01.24-07.26.17:474][947]LogContentBrowser: Native class hierarchy updated for 'MovieSceneCapture' in 0.0003 seconds. Added 11 classes and 0 folders.
[2019.01.24-07.26.17:475][947]PIE: Play in editor start time for /Game/Maps/UEDPIE_0_Travel_1 0.402
[2019.01.24-07.26.26:180][652]LogSlate: FSceneViewport::OnFocusLost() reason 0
[2019.01.24-07.26.33:128][275]LogSlate: FSceneViewport::OnFocusLost() reason 2
[2019.01.24-07.26.34:299][380]LogSlate: FSceneViewport::OnFocusLost() reason 2
[2019.01.24-07.27.28:239][804]LogSlate: FSceneViewport::OnFocusLost() reason 2
[2019.01.24-07.27.30:297][941]Cmd: OBJ SAVEPACKAGE PACKAGE="/Game/Maps/Travel_1" FILE="../../../../../../Samusamu/KDU/Sem 7/LIT/LIT/Saved/Autosaves/Game/Maps/Travel_1_Auto2.umap" SILENT=true AUTOSAVING=true KEEPDIRTY=false
[2019.01.24-07.27.30:349][941]LogSavePackage: Save=43.49ms
[2019.01.24-07.27.30:349][941]LogSavePackage: Moving '../../../../../../Samusamu/KDU/Sem 7/LIT/LIT/Saved/Travel_1_Auto27418F12A4BCF816B73461598F655AA24.tmp' to '../../../../../../Samusamu/KDU/Sem 7/LIT/LIT/Saved/Autosaves/Game/Maps/Travel_1_Auto2.umap'
[2019.01.24-07.27.30:350][941]LogSavePackage: Display: Finished SavePackage ../../../../../../Samusamu/KDU/Sem 7/LIT/LIT/Saved/Autosaves/Game/Maps/Travel_1_Auto2.umap
[2019.01.24-07.27.30:354][941]LogFileHelpers: Editor autosave (incl. sublevels) for '/Game/Maps/Travel_1' took 0.073
[2019.01.24-07.27.30:354][941]LogFileHelpers: Editor autosave (incl. sublevels) for all levels took 0.073
[2019.01.24-07.28.07:935][936]LogSavePackage: Save=59.10ms
[2019.01.24-07.28.07:935][936]LogSavePackage: Moving '../../../../../../Samusamu/KDU/Sem 7/LIT/LIT/Saved/ThirdPersonCharacter1D55B08745683E9D9CA716B5547138F1.tmp' to '../../../../../../Samusamu/KDU/Sem 7/LIT/LIT/Content/ThirdPersonBP/Blueprints/ThirdPersonCharacter.uasset'
[2019.01.24-07.28.07:937][936]LogSavePackage: Display: Finished SavePackage ../../../../../../Samusamu/KDU/Sem 7/LIT/LIT/Content/ThirdPersonBP/Blueprints/ThirdPersonCharacter.uasset
[2019.01.24-07.28.08:307][961]LogSlate: FSceneViewport::OnFocusLost() reason 0
[2019.01.24-07.28.08:395][967]BlueprintLog: New page: Compile ThirdPersonCharacter
[2019.01.24-07.28.08:425][967]LogUObjectGlobals: Destroyed PersistentFrame Addr=0x0000016102ee0800, Size=392
[2019.01.24-07.28.08:425][967]LogUObjectGlobals: Created PersistentFrame Addr=0x0000016127e57040, Size=392, ThirdPersonCharacter_C_115 Function /Engine/Transient.REINST_ThirdPersonCharacter_C_28:ExecuteUbergraph_ThirdPersonCharacter
[2019.01.24-07.28.08:433][967]LogUObjectGlobals: Created PersistentFrame Addr=0x0000016102f86e80, Size=392, Default__ThirdPersonCharacter_C Function /Game/ThirdPersonBP/Blueprints/ThirdPersonCharacter.ThirdPersonCharacter_C:ExecuteUbergraph_ThirdPersonCharacter
[2019.01.24-07.28.12:442][175]LogTemp: Repeating last play command: Simulate
[2019.01.24-07.28.12:464][175]LogPlayLevel: PlayLevel: No blueprints needed recompiling
[2019.01.24-07.28.12:464][175]PIE: New page: SIE session: Travel_1 (Jan 24, 2019, 11:28:12 PM)
[2019.01.24-07.28.12:464][175]LogPlayLevel: Creating play world package: /Game/Maps/UEDPIE_0_Travel_1
[2019.01.24-07.28.12:467][175]LogPlayLevel: PIE: StaticDuplicateObject took: (0.002035s)
[2019.01.24-07.28.12:467][175]LogAIModule: Creating AISystem for world Travel_1
[2019.01.24-07.28.12:467][175]LogPlayLevel: PIE: World Init took: (0.000833s)
[2019.01.24-07.28.12:467][175]LogPlayLevel: PIE: Created PIE world by copying editor world from /Game/Maps/Travel_1.Travel_1 to /Game/Maps/UEDPIE_0_Travel_1.Travel_1 (0.003052s)
[2019.01.24-07.28.12:483][175]LogUObjectGlobals: Destroyed PersistentFrame Addr=0x0000016127e57040, Size=392
[2019.01.24-07.28.12:498][175]LogInit: XAudio2 using 'Speakers (Realtek High Definition Audio)' : 2 channels at 48 kHz using 32 bits per sample (channel mask 0x3)
[2019.01.24-07.28.12:512][175]LogInit: FAudioDevice initialized.
[2019.01.24-07.28.12:546][175]LogLoad: Game class is 'ThirdPersonGameMode_C'
[2019.01.24-07.28.12:547][175]LogWorld: Bringing World /Game/Maps/UEDPIE_0_Travel_1.Travel_1 up for play (max tick rate 0) at 2019.01.24-15.28.12
[2019.01.24-07.28.12:547][175]LogWorld: Bringing up level for play took: 0.000584
[2019.01.24-07.28.12:548][175]PIE: Play in editor start time for /Game/Maps/UEDPIE_0_Travel_1 -0.524
[2019.01.24-07.29.13:548][595]LogTemp: Repeating last play command: Simulate
[2019.01.24-07.29.13:572][595]BlueprintLog: New page: Pre-Play auto-recompile
[2019.01.24-07.29.13:587][595]LogPlayLevel: [PlayLevel] Compiling ThirdPersonCharacter before play...
[2019.01.24-07.29.13:602][595]LogUObjectGlobals: Destroyed PersistentFrame Addr=0x0000016102f86e80, Size=392
[2019.01.24-07.29.13:602][595]LogUObjectGlobals: Created PersistentFrame Addr=0x000001618fa53e40, Size=392, ThirdPersonCharacter_C_173 Function /Engine/Transient.REINST_ThirdPersonCharacter_C_32:ExecuteUbergraph_ThirdPersonCharacter
[2019.01.24-07.29.13:610][595]LogUObjectGlobals: Created PersistentFrame Addr=0x000001616c12a680, Size=328, Default__ThirdPersonCharacter_C Function /Game/ThirdPersonBP/Blueprints/ThirdPersonCharacter.ThirdPersonCharacter_C:ExecuteUbergraph_ThirdPersonCharacter
[2019.01.24-07.29.13:939][595]LogPlayLevel: PlayLevel: Blueprint regeneration took 367 ms (1 blueprints)
[2019.01.24-07.29.13:939][595]PIE: New page: SIE session: Travel_1 (Jan 24, 2019, 11:29:13 PM)
[2019.01.24-07.29.13:939][595]LogPlayLevel: Creating play world package: /Game/Maps/UEDPIE_0_Travel_1
[2019.01.24-07.29.13:941][595]LogPlayLevel: PIE: StaticDuplicateObject took: (0.001947s)
[2019.01.24-07.29.13:942][595]LogAIModule: Creating AISystem for world Travel_1
[2019.01.24-07.29.13:942][595]LogPlayLevel: PIE: World Init took: (0.000827s)
[2019.01.24-07.29.13:942][595]LogPlayLevel: PIE: Created PIE world by copying editor world from /Game/Maps/Travel_1.Travel_1 to /Game/Maps/UEDPIE_0_Travel_1.Travel_1 (0.002917s)
[2019.01.24-07.29.13:970][595]LogInit: XAudio2 using 'Speakers (Realtek High Definition Audio)' : 2 channels at 48 kHz using 32 bits per sample (channel mask 0x3)
[2019.01.24-07.29.13:984][595]LogInit: FAudioDevice initialized.
[2019.01.24-07.29.14:017][595]LogLoad: Game class is 'ThirdPersonGameMode_C'
[2019.01.24-07.29.14:018][595]LogWorld: Bringing World /Game/Maps/UEDPIE_0_Travel_1.Travel_1 up for play (max tick rate 0) at 2019.01.24-15.29.14
[2019.01.24-07.29.14:018][595]LogWorld: Bringing up level for play took: 0.000568
[2019.01.24-07.29.14:019][595]PIE: Play in editor start time for /Game/Maps/UEDPIE_0_Travel_1 0.947
[2019.01.24-07.29.18:443][934]LogSlate: FSceneViewport::OnFocusLost() reason 2
[2019.01.24-07.29.40:062][450]LogSlate: FSceneViewport::OnFocusLost() reason 0
[2019.01.24-07.29.44:325][749]LogSlate: FSceneViewport::OnFocusLost() reason 0
[2019.01.24-07.29.52:593][294]LogSlate: FSceneViewport::OnFocusLost() reason 2
[2019.01.24-07.29.57:948][639]Set new viewmode: Wireframe
[2019.01.24-07.29.58:730][691]LogSlate: FSceneViewport::OnFocusLost() reason 2
[2019.01.24-07.30.05:961][186]LogSavePackage: Save=60.12ms
[2019.01.24-07.30.05:961][186]LogSavePackage: Moving '../../../../../../Samusamu/KDU/Sem 7/LIT/LIT/Saved/ThirdPersonCharacter3B075D464982D6E480BD9B9A494B416C.tmp' to '../../../../../../Samusamu/KDU/Sem 7/LIT/LIT/Content/ThirdPersonBP/Blueprints/ThirdPersonCharacter.uasset'
[2019.01.24-07.30.05:963][186]LogSavePackage: Display: Finished SavePackage ../../../../../../Samusamu/KDU/Sem 7/LIT/LIT/Content/ThirdPersonBP/Blueprints/ThirdPersonCharacter.uasset
[2019.01.24-07.30.06:357][215]BlueprintLog: New page: Compile ThirdPersonCharacter
[2019.01.24-07.30.06:388][215]LogUObjectGlobals: Destroyed PersistentFrame Addr=0x000001616c12a680, Size=328
[2019.01.24-07.30.06:388][215]LogUObjectGlobals: Created PersistentFrame Addr=0x000001610385ca00, Size=328, ThirdPersonCharacter_C_210 Function /Engine/Transient.REINST_ThirdPersonCharacter_C_36:ExecuteUbergraph_ThirdPersonCharacter
[2019.01.24-07.30.06:396][215]LogUObjectGlobals: Created PersistentFrame Addr=0x000001618a3e2240, Size=392, Default__ThirdPersonCharacter_C Function /Game/ThirdPersonBP/Blueprints/ThirdPersonCharacter.ThirdPersonCharacter_C:ExecuteUbergraph_ThirdPersonCharacter
[2019.01.24-07.32.45:655][101]LogPlayLevel: PlayLevel: No blueprints needed recompiling
[2019.01.24-07.32.45:655][101]PIE: New page: SIE session: Travel_1 (Jan 24, 2019, 11:32:45 PM)
[2019.01.24-07.32.45:655][101]LogPlayLevel: Creating play world package: /Game/Maps/UEDPIE_0_Travel_1
[2019.01.24-07.32.45:657][101]LogPlayLevel: PIE: StaticDuplicateObject took: (0.001942s)
[2019.01.24-07.32.45:657][101]LogAIModule: Creating AISystem for world Travel_1
[2019.01.24-07.32.45:658][101]LogPlayLevel: PIE: World Init took: (0.000821s)
[2019.01.24-07.32.45:658][101]LogPlayLevel: PIE: Created PIE world by copying editor world from /Game/Maps/Travel_1.Travel_1 to /Game/Maps/UEDPIE_0_Travel_1.Travel_1 (0.002893s)
[2019.01.24-07.32.45:673][101]LogUObjectGlobals: Destroyed PersistentFrame Addr=0x000001618fa53e40, Size=392
[2019.01.24-07.32.45:673][101]LogUObjectGlobals: Destroyed PersistentFrame Addr=0x000001610385ca00, Size=328
[2019.01.24-07.32.45:688][101]LogInit: XAudio2 using 'Speakers (Realtek High Definition Audio)' : 2 channels at 48 kHz using 32 bits per sample (channel mask 0x3)
[2019.01.24-07.32.45:701][101]LogInit: FAudioDevice initialized.
[2019.01.24-07.32.45:733][101]LogLoad: Game class is 'ThirdPersonGameMode_C'
[2019.01.24-07.32.45:734][101]LogWorld: Bringing World /Game/Maps/UEDPIE_0_Travel_1.Travel_1 up for play (max tick rate 0) at 2019.01.24-15.32.45
[2019.01.24-07.32.45:734][101]LogWorld: Bringing up level for play took: 0.000759
[2019.01.24-07.32.45:735][101]PIE: Play in editor start time for /Game/Maps/UEDPIE_0_Travel_1 0.663
[2019.01.24-07.32.50:085][391]LogSavePackage: Save=60.70ms
[2019.01.24-07.32.50:085][391]LogSavePackage: Moving '../../../../../../Samusamu/KDU/Sem 7/LIT/LIT/Saved/ThirdPersonCharacter7195727F470AE1300747B8B28654C014.tmp' to '../../../../../../Samusamu/KDU/Sem 7/LIT/LIT/Content/ThirdPersonBP/Blueprints/ThirdPersonCharacter.uasset'
[2019.01.24-07.32.50:086][391]LogSavePackage: Display: Finished SavePackage ../../../../../../Samusamu/KDU/Sem 7/LIT/LIT/Content/ThirdPersonBP/Blueprints/ThirdPersonCharacter.uasset
[2019.01.24-07.33.01:322][689]LogSavePackage: Save=52.26ms
[2019.01.24-07.33.01:322][689]LogSavePackage: Moving '../../../../../../Samusamu/KDU/Sem 7/LIT/LIT/Saved/ThirdPersonCharacter982289B54DBF4A5EA6D3259666151057.tmp' to '../../../../../../Samusamu/KDU/Sem 7/LIT/LIT/Content/ThirdPersonBP/Blueprints/ThirdPersonCharacter.uasset'
[2019.01.24-07.33.01:323][689]LogSavePackage: Display: Finished SavePackage ../../../../../../Samusamu/KDU/Sem 7/LIT/LIT/Content/ThirdPersonBP/Blueprints/ThirdPersonCharacter.uasset
[2019.01.24-07.33.04:148][802]LogTemp: Repeating last play command: Simulate
[2019.01.24-07.33.04:171][802]LogPlayLevel: PlayLevel: No blueprints needed recompiling
[2019.01.24-07.33.04:171][802]PIE: New page: SIE session: Travel_1 (Jan 24, 2019, 11:33:04 PM)
[2019.01.24-07.33.04:171][802]LogPlayLevel: Creating play world package: /Game/Maps/UEDPIE_0_Travel_1
[2019.01.24-07.33.04:173][802]LogPlayLevel: PIE: StaticDuplicateObject took: (0.002000s)
[2019.01.24-07.33.04:174][802]LogAIModule: Creating AISystem for world Travel_1
[2019.01.24-07.33.04:174][802]LogPlayLevel: PIE: World Init took: (0.000861s)
[2019.01.24-07.33.04:174][802]LogPlayLevel: PIE: Created PIE world by copying editor world from /Game/Maps/Travel_1.Travel_1 to /Game/Maps/UEDPIE_0_Travel_1.Travel_1 (0.003008s)
[2019.01.24-07.33.04:203][802]LogInit: XAudio2 using 'Speakers (Realtek High Definition Audio)' : 2 channels at 48 kHz using 32 bits per sample (channel mask 0x3)
[2019.01.24-07.33.04:216][802]LogInit: FAudioDevice initialized.
[2019.01.24-07.33.04:252][802]LogLoad: Game class is 'ThirdPersonGameMode_C'
[2019.01.24-07.33.04:253][802]LogWorld: Bringing World /Game/Maps/UEDPIE_0_Travel_1.Travel_1 up for play (max tick rate 0) at 2019.01.24-15.33.04
[2019.01.24-07.33.04:253][802]LogWorld: Bringing up level for play took: 0.000565
[2019.01.24-07.33.04:254][802]PIE: Play in editor start time for /Game/Maps/UEDPIE_0_Travel_1 -0.818
[2019.01.24-07.33.11:025][278]LogPlayLevel: PlayLevel: No blueprints needed recompiling
[2019.01.24-07.33.11:025][278]PIE: New page: SIE session: Travel_1 (Jan 24, 2019, 11:33:11 PM)
[2019.01.24-07.33.11:025][278]LogPlayLevel: Creating play world package: /Game/Maps/UEDPIE_0_Travel_1
[2019.01.24-07.33.11:027][278]LogPlayLevel: PIE: StaticDuplicateObject took: (0.001995s)
[2019.01.24-07.33.11:028][278]LogAIModule: Creating AISystem for world Travel_1
[2019.01.24-07.33.11:028][278]LogPlayLevel: PIE: World Init took: (0.000786s)
[2019.01.24-07.33.11:028][278]LogPlayLevel: PIE: Created PIE world by copying editor world from /Game/Maps/Travel_1.Travel_1 to /Game/Maps/UEDPIE_0_Travel_1.Travel_1 (0.002922s)
[2019.01.24-07.33.11:057][278]LogInit: XAudio2 using 'Speakers (Realtek High Definition Audio)' : 2 channels at 48 kHz using 32 bits per sample (channel mask 0x3)
[2019.01.24-07.33.11:070][278]LogInit: FAudioDevice initialized.
[2019.01.24-07.33.11:104][278]LogLoad: Game class is 'ThirdPersonGameMode_C'
[2019.01.24-07.33.11:105][278]LogWorld: Bringing World /Game/Maps/UEDPIE_0_Travel_1.Travel_1 up for play (max tick rate 0) at 2019.01.24-15.33.11
[2019.01.24-07.33.11:105][278]LogWorld: Bringing up level for play took: 0.000575
[2019.01.24-07.33.11:106][278]PIE: Play in editor start time for /Game/Maps/UEDPIE_0_Travel_1 0.034
[2019.01.24-08.48.10:035][907]LogPlayLevel: PlayLevel: No blueprints needed recompiling
[2019.01.24-08.48.10:036][907]PIE: New page: PIE session: Travel_1 (Jan 25, 2019, 12:48:10 AM)
[2019.01.24-08.48.10:036][907]LogPlayLevel: Creating play world package: /Game/Maps/UEDPIE_0_Travel_1
[2019.01.24-08.48.10:041][907]LogPlayLevel: PIE: StaticDuplicateObject took: (0.005017s)
[2019.01.24-08.48.10:043][907]LogAIModule: Creating AISystem for world Travel_1
[2019.01.24-08.48.10:044][907]LogPlayLevel: PIE: World Init took: (0.002323s)
[2019.01.24-08.48.10:044][907]LogPlayLevel: PIE: Created PIE world by copying editor world from /Game/Maps/Travel_1.Travel_1 to /Game/Maps/UEDPIE_0_Travel_1.Travel_1 (0.008003s)
[2019.01.24-08.48.10:083][907]LogInit: XAudio2 using 'Speakers (Realtek High Definition Audio)' : 2 channels at 48 kHz using 32 bits per sample (channel mask 0x3)
[2019.01.24-08.48.10:099][907]LogInit: FAudioDevice initialized.
[2019.01.24-08.48.10:136][907]LogLoad: Game class is 'ThirdPersonGameMode_C'
[2019.01.24-08.48.10:138][907]LogWorld: Bringing World /Game/Maps/UEDPIE_0_Travel_1.Travel_1 up for play (max tick rate 0) at 2019.01.24-16.48.10
[2019.01.24-08.48.10:138][907]LogWorld: Bringing up level for play took: 0.001144
[2019.01.24-08.48.10:143][907]PIE: Play in editor start time for /Game/Maps/UEDPIE_0_Travel_1 0.401
[2019.01.24-08.48.12:054][ 41]LogTemp: Repeating last play command: Selected Viewport
[2019.01.24-08.48.12:081][ 41]LogPlayLevel: PlayLevel: No blueprints needed recompiling
[2019.01.24-08.48.12:081][ 41]PIE: New page: PIE session: Travel_1 (Jan 25, 2019, 12:48:12 AM)
[2019.01.24-08.48.12:081][ 41]LogPlayLevel: Creating play world package: /Game/Maps/UEDPIE_0_Travel_1
[2019.01.24-08.48.12:084][ 41]LogPlayLevel: PIE: StaticDuplicateObject took: (0.002627s)
[2019.01.24-08.48.12:085][ 41]LogAIModule: Creating AISystem for world Travel_1
[2019.01.24-08.48.12:085][ 41]LogPlayLevel: PIE: World Init took: (0.001261s)
[2019.01.24-08.48.12:085][ 41]LogPlayLevel: PIE: Created PIE world by copying editor world from /Game/Maps/Travel_1.Travel_1 to /Game/Maps/UEDPIE_0_Travel_1.Travel_1 (0.004070s)
[2019.01.24-08.48.12:119][ 41]LogInit: XAudio2 using 'Speakers (Realtek High Definition Audio)' : 2 channels at 48 kHz using 32 bits per sample (channel mask 0x3)
[2019.01.24-08.48.12:132][ 41]LogInit: FAudioDevice initialized.
[2019.01.24-08.48.12:164][ 41]LogLoad: Game class is 'ThirdPersonGameMode_C'
[2019.01.24-08.48.12:165][ 41]LogWorld: Bringing World /Game/Maps/UEDPIE_0_Travel_1.Travel_1 up for play (max tick rate 0) at 2019.01.24-16.48.12
[2019.01.24-08.48.12:166][ 41]LogWorld: Bringing up level for play took: 0.000697
[2019.01.24-08.48.12:168][ 41]PIE: Play in editor start time for /Game/Maps/UEDPIE_0_Travel_1 0.426
[2019.01.24-08.48.52:176][860]LogSavePackage: Save=54.18ms
[2019.01.24-08.48.52:176][860]LogSavePackage: Moving '../../../../../../Samusamu/KDU/Sem 7/LIT/LIT/Saved/ThirdPersonCharacter887B32C44019CDE1546037B980F7BE1F.tmp' to '../../../../../../Samusamu/KDU/Sem 7/LIT/LIT/Content/ThirdPersonBP/Blueprints/ThirdPersonCharacter.uasset'
[2019.01.24-08.48.52:177][860]LogSavePackage: Display: Finished SavePackage ../../../../../../Samusamu/KDU/Sem 7/LIT/LIT/Content/ThirdPersonBP/Blueprints/ThirdPersonCharacter.uasset
[2019.01.24-08.48.54:767][ 36]Cmd: OBJ SAVEPACKAGE PACKAGE="/Game/Maps/Travel_1" FILE="../../../../../../Samusamu/KDU/Sem 7/LIT/LIT/Content/Maps/Travel_1.umap" SILENT=true AUTOSAVING=false KEEPDIRTY=false
[2019.01.24-08.48.54:821][ 36]LogSavePackage: Save=27.00ms
[2019.01.24-08.48.54:821][ 36]LogSavePackage: Moving '../../../../../../Samusamu/KDU/Sem 7/LIT/LIT/Saved/Travel_13C468AAA42D1A136AB8664B41CF70005.tmp' to '../../../../../../Samusamu/KDU/Sem 7/LIT/LIT/Content/Maps/Travel_1.umap'
[2019.01.24-08.48.54:823][ 36]LogSavePackage: Display: Finished SavePackage ../../../../../../Samusamu/KDU/Sem 7/LIT/LIT/Content/Maps/Travel_1.umap
[2019.01.24-08.48.54:862][ 36]Cmd: OBJ SAVEPACKAGE PACKAGE="/Game/Maps/Travel_1_BuiltData" FILE="../../../../../../Samusamu/KDU/Sem 7/LIT/LIT/Content/Maps/Travel_1_BuiltData.uasset" SILENT=true
[2019.01.24-08.48.54:896][ 36]LogSavePackage: Save=25.04ms
[2019.01.24-08.48.54:896][ 36]LogSavePackage: Moving '../../../../../../Samusamu/KDU/Sem 7/LIT/LIT/Saved/Travel_1_BuiltDataDC94E1D74B3FD1BDAF278795F1A559D2.tmp' to '../../../../../../Samusamu/KDU/Sem 7/LIT/LIT/Content/Maps/Travel_1_BuiltData.uasset'
[2019.01.24-08.48.54:897][ 36]LogSavePackage: Display: Finished SavePackage ../../../../../../Samusamu/KDU/Sem 7/LIT/LIT/Content/Maps/Travel_1_BuiltData.uasset
[2019.01.24-09.02.43:605][640]LogSlate: Window 'ThirdPersonCharacter' being destroyed
[2019.01.24-09.02.43:799][640]LogSlate: Window 'LIT - Unreal Editor' being destroyed
[2019.01.24-09.02.43:801][640]LogWindowsTextInputMethodSystem: Display: IME system now deactivated.
[2019.01.24-09.02.44:049][641]Cmd: QUIT_EDITOR
[2019.01.24-09.02.44:539][641]LogSlate: Slate User Destroyed.  User Index 0, Is Virtual User: 0
[2019.01.24-09.02.44:539][641]LogExit: Preparing to exit.
[2019.01.24-09.02.44:851][641]LogDirectoryWatcher: A directory notification for 'D:/Samusamu/KDU/Sem 7/LIT/LIT/Content/' was aborted.
[2019.01.24-09.02.44:955][641]LogExit: Editor shut down
[2019.01.24-09.02.44:986][641]LogExit: Transaction tracking system shut down
[2019.01.24-09.02.44:988][641]LogUObjectGlobals: Destroyed PersistentFrame Addr=0x000001610301a6b0, Size=72
[2019.01.24-09.02.44:989][641]LogUObjectGlobals: Destroyed PersistentFrame Addr=0x000001618a3e2240, Size=392
[2019.01.24-09.02.44:989][641]LogUObjectGlobals: Destroyed PersistentFrame Addr=0x0000016193cdc640, Size=392
[2019.01.24-09.02.44:996][641]LogUObjectGlobals: Destroyed PersistentFrame Addr=0x0000016140aae838, Size=4
[2019.01.24-09.02.44:997][641]LogUObjectGlobals: Destroyed PersistentFrame Addr=0x0000016140aae830, Size=4
[2019.01.24-09.02.45:178][641]LogDirectoryWatcher: A directory notification for '../../../Engine/Content/' was aborted.
[2019.01.24-09.02.45:178][641]LogDirectoryWatcher: A directory notification for '../../../../../../Samusamu/KDU/Sem 7/LIT/LIT/Content/' was aborted.
[2019.01.24-09.02.45:178][641]LogDirectoryWatcher: A directory notification for '../../Plugins/2D/Paper2D/Content/' was aborted.
[2019.01.24-09.02.45:178][641]LogDirectoryWatcher: A directory notification for '../../Plugins/Enterprise/DatasmithContent/Content/' was aborted.
[2019.01.24-09.02.45:178][641]LogDirectoryWatcher: A directory notification for '../../Plugins/Media/MediaCompositing/Content/' was aborted.
[2019.01.24-09.02.45:179][641]LogDirectoryWatcher: A directory notification for '../../Plugins/Runtime/AppleARKit/Content/' was aborted.
[2019.01.24-09.02.45:179][641]LogDirectoryWatcher: A directory notification for '../../Plugins/Runtime/Oculus/OculusVR/Content/' was aborted.
[2019.01.24-09.02.45:179][641]LogDirectoryWatcher: A directory notification for '../../Plugins/Runtime/Steam/SteamVR/Content/' was aborted.
[2019.01.24-09.02.45:382][641]LogExit: Object subsystem successfully closed.
[2019.01.24-09.02.45:414][641]LogShaderCompilers: Display: Shaders left to compile 0
[2019.01.24-09.02.45:421][641]LogD3D11RHI: Shutdown
[2019.01.24-09.02.45:421][641]LogD3D11RHI: CleanupD3DDevice
[2019.01.24-09.02.45:429][641]LogD3D11RHI: ~FD3D11DynamicRHI
[2019.01.24-09.02.45:441][641]LogModuleManager: Shutting down and abandoning module MovieSceneCapture (578)
[2019.01.24-09.02.45:442][641]LogModuleManager: Shutting down and abandoning module BlueprintGraph (576)
[2019.01.24-09.02.45:442][641]LogModuleManager: Shutting down and abandoning module HierarchicalLODOutliner (574)
[2019.01.24-09.02.45:442][641]LogModuleManager: Shutting down and abandoning module SceneOutliner (572)
[2019.01.24-09.02.45:442][641]LogModuleManager: Shutting down and abandoning module AddContentDialog (570)
[2019.01.24-09.02.45:442][641]LogDirectoryWatcher: A directory notification for 'D:/Games/EpicGames/UE_4.19/FeaturePacks/' was aborted.
[2019.01.24-09.02.45:448][641]LogModuleManager: Shutting down and abandoning module WidgetCarousel (569)
[2019.01.24-09.02.45:449][641]LogModuleManager: Shutting down and abandoning module EditorWidgets (566)
[2019.01.24-09.02.45:449][641]LogModuleManager: Shutting down and abandoning module CollectionManager (564)
[2019.01.24-09.02.45:449][641]LogDirectoryWatcher: A directory notification for 'D:/Samusamu/KDU/Sem 7/LIT/LIT/Content/Collections/' was aborted.
[2019.01.24-09.02.45:449][641]LogDirectoryWatcher: A directory notification for 'D:/Samusamu/KDU/Sem 7/LIT/LIT/Content/Developers/Samusamu/Collections/' was aborted.
[2019.01.24-09.02.45:449][641]LogDirectoryWatcher: A directory notification for 'D:/Samusamu/KDU/Sem 7/LIT/LIT/Saved/Collections/' was aborted.
[2019.01.24-09.02.45:449][641]LogModuleManager: Shutting down and abandoning module StatsViewer (562)
[2019.01.24-09.02.45:449][641]LogModuleManager: Shutting down and abandoning module FoliageEdit (560)
[2019.01.24-09.02.45:449][641]LogModuleManager: Shutting down and abandoning module LandscapeEditor (558)
[2019.01.24-09.02.45:449][641]LogModuleManager: Shutting down and abandoning module MeshPaintMode (556)
[2019.01.24-09.02.45:449][641]LogModuleManager: Shutting down and abandoning module SceneDepthPickerMode (554)
[2019.01.24-09.02.45:449][641]LogModuleManager: Shutting down and abandoning module ActorPickerMode (552)
[2019.01.24-09.02.45:449][641]LogModuleManager: Shutting down and abandoning module GeometryMode (550)
[2019.01.24-09.02.45:449][641]LogModuleManager: Shutting down and abandoning module TextureAlignMode (548)
[2019.01.24-09.02.45:449][641]LogModuleManager: Shutting down and abandoning module BspMode (546)
[2019.01.24-09.02.45:449][641]LogModuleManager: Shutting down and abandoning module PIEPreviewDeviceProfileSelector (544)
[2019.01.24-09.02.45:449][641]LogModuleManager: Shutting down and abandoning module HardwareSurvey (542)
[2019.01.24-09.02.45:450][641]LogModuleManager: Shutting down and abandoning module SequenceRecorderSections (540)
[2019.01.24-09.02.45:450][641]LogModuleManager: Shutting down and abandoning module AutomationWorker (538)
[2019.01.24-09.02.45:450][641]LogModuleManager: Shutting down and abandoning module AudioCaptureEditor (536)
[2019.01.24-09.02.45:450][641]LogModuleManager: Shutting down and abandoning module SequenceRecorder (535)
[2019.01.24-09.02.45:450][641]LogModuleManager: Shutting down and abandoning module MatineeToLevelSequence (532)
[2019.01.24-09.02.45:450][641]LogModuleManager: Shutting down and abandoning module LevelSequenceEditor (530)
[2019.01.24-09.02.45:450][641]LogModuleManager: Shutting down and abandoning module PlacementMode (529)
[2019.01.24-09.02.45:450][641]LogModuleManager: Shutting down and abandoning module MaterialEditor (528)
[2019.01.24-09.02.45:450][641]LogModuleManager: Shutting down and abandoning module WmfMediaFactory (524)
[2019.01.24-09.02.45:450][641]LogModuleManager: Shutting down and abandoning module WmfMediaEditor (522)
[2019.01.24-09.02.45:450][641]LogModuleManager: Shutting down and abandoning module MediaPlayerEditor (520)
[2019.01.24-09.02.45:450][641]LogModuleManager: Shutting down and abandoning module OpenExrWrapper (518)
[2019.01.24-09.02.45:450][641]LogModuleManager: Shutting down and abandoning module ImgMediaFactory (516)
[2019.01.24-09.02.45:450][641]LogModuleManager: Shutting down and abandoning module ImgMediaEditor (514)
[2019.01.24-09.02.45:450][641]LogModuleManager: Shutting down and abandoning module AvfMediaFactory (512)
[2019.01.24-09.02.45:450][641]LogModuleManager: Shutting down and abandoning module AvfMediaEditor (510)
[2019.01.24-09.02.45:450][641]LogModuleManager: Shutting down and abandoning module AndroidMediaFactory (508)
[2019.01.24-09.02.45:450][641]LogModuleManager: Shutting down and abandoning module AndroidMediaEditor (506)
[2019.01.24-09.02.45:450][641]LogModuleManager: Shutting down and abandoning module CharacterAI (504)
[2019.01.24-09.02.45:450][641]LogModuleManager: Shutting down and abandoning module SmartSnapping (502)
[2019.01.24-09.02.45:450][641]LogModuleManager: Shutting down and abandoning module SessionServices (500)
[2019.01.24-09.02.45:450][641]LogModuleManager: Shutting down and abandoning module ViewportSnapping (498)
[2019.01.24-09.02.45:450][641]LogModuleManager: Shutting down and abandoning module ViewportInteraction (496)
[2019.01.24-09.02.45:450][641]LogModuleManager: Shutting down and abandoning module ClothPainter (494)
[2019.01.24-09.02.45:451][641]LogModuleManager: Shutting down and abandoning module SkeletalMeshEditor (493)
[2019.01.24-09.02.45:451][641]LogModuleManager: Shutting down and abandoning module LogVisualizer (490)
[2019.01.24-09.02.45:451][641]LogModuleManager: Shutting down and abandoning module IntroTutorials (488)
[2019.01.24-09.02.45:451][641]LogModuleManager: Shutting down and abandoning module GameProjectGeneration (487)
[2019.01.24-09.02.45:451][641]LogModuleManager: Shutting down and abandoning module IOSPlatformEditor (484)
[2019.01.24-09.02.45:451][641]LogModuleManager: Shutting down and abandoning module HTML5PlatformEditor (482)
[2019.01.24-09.02.45:451][641]LogModuleManager: Shutting down and abandoning module AndroidPlatformEditor (480)
[2019.01.24-09.02.45:451][641]LogModuleManager: Shutting down and abandoning module AndroidDeviceDetection (479)
[2019.01.24-09.02.45:742][641]LogModuleManager: Shutting down and abandoning module WindowsPlatformEditor (476)
[2019.01.24-09.02.45:743][641]LogModuleManager: Shutting down and abandoning module IOSRuntimeSettings (474)
[2019.01.24-09.02.45:743][641]LogModuleManager: Shutting down and abandoning module AndroidRuntimeSettings (472)
[2019.01.24-09.02.45:743][641]LogModuleManager: Shutting down and abandoning module InputBindingEditor (470)
[2019.01.24-09.02.45:743][641]LogModuleManager: Shutting down and abandoning module MergeActors (468)
[2019.01.24-09.02.45:743][641]LogModuleManager: Shutting down and abandoning module LocalizationDashboard (466)
[2019.01.24-09.02.45:743][641]LogModuleManager: Shutting down and abandoning module LocalizationService (465)
[2019.01.24-09.02.45:743][641]LogModuleManager: Shutting down and abandoning module HardwareTargeting (462)
[2019.01.24-09.02.45:743][641]LogModuleManager: Shutting down and abandoning module DeviceProfileEditor (460)
[2019.01.24-09.02.45:743][641]LogModuleManager: Shutting down and abandoning module UndoHistory (458)
[2019.01.24-09.02.45:743][641]LogModuleManager: Shutting down and abandoning module XmlParser (456)
[2019.01.24-09.02.45:743][641]LogModuleManager: Shutting down and abandoning module Blutility (454)
[2019.01.24-09.02.45:743][641]LogModuleManager: Shutting down and abandoning module ProjectSettingsViewer (452)
[2019.01.24-09.02.45:743][641]LogModuleManager: Shutting down and abandoning module ProjectTargetPlatformEditor (451)
[2019.01.24-09.02.45:743][641]LogModuleManager: Shutting down and abandoning module EditorSettingsViewer (448)
[2019.01.24-09.02.45:743][641]LogModuleManager: Shutting down and abandoning module SettingsEditor (446)
[2019.01.24-09.02.45:744][641]LogModuleManager: Shutting down and abandoning module ProjectLauncher (444)
[2019.01.24-09.02.45:744][641]LogModuleManager: Shutting down and abandoning module SessionFrontend (442)
[2019.01.24-09.02.45:744][641]LogModuleManager: Shutting down and abandoning module ProfilerClient (440)
[2019.01.24-09.02.45:744][641]LogModuleManager: Shutting down and abandoning module DeviceManager (438)
[2019.01.24-09.02.45:744][641]LogModuleManager: Shutting down and abandoning module TargetDeviceServices (437)
[2019.01.24-09.02.45:808][641]LogModuleManager: Shutting down and abandoning module AutomationController (434)
[2019.01.24-09.02.45:808][641]LogModuleManager: Shutting down and abandoning module AutomationWindow (432)
[2019.01.24-09.02.45:808][641]LogModuleManager: Shutting down and abandoning module Layers (430)
[2019.01.24-09.02.45:808][641]LogModuleManager: Shutting down and abandoning module ComponentVisualizers (428)
[2019.01.24-09.02.45:808][641]LogModuleManager: Shutting down and abandoning module DetailCustomizations (426)
[2019.01.24-09.02.45:808][641]LogModuleManager: Shutting down and abandoning module PackagesDialog (424)
[2019.01.24-09.02.45:808][641]LogModuleManager: Shutting down and abandoning module Persona (422)
[2019.01.24-09.02.45:808][641]LogModuleManager: Shutting down and abandoning module AdvancedPreviewScene (421)
[2019.01.24-09.02.45:808][641]LogModuleManager: Shutting down and abandoning module AnimGraph (419)
[2019.01.24-09.02.45:809][641]LogModuleManager: Shutting down and abandoning module Kismet (416)
[2019.01.24-09.02.45:819][641]LogModuleManager: Shutting down and abandoning module GraphEditor (414)
[2019.01.24-09.02.45:819][641]LogModuleManager: Shutting down and abandoning module ClassViewer (412)
[2019.01.24-09.02.45:819][641]LogModuleManager: Shutting down and abandoning module Toolbox (410)
[2019.01.24-09.02.45:819][641]LogModuleManager: Shutting down and abandoning module ModuleUI (408)
[2019.01.24-09.02.45:819][641]LogModuleManager: Shutting down and abandoning module MovieSceneTools (406)
[2019.01.24-09.02.45:819][641]LogModuleManager: Shutting down and abandoning module OutputLog (404)
[2019.01.24-09.02.45:819][641]LogModuleManager: Shutting down and abandoning module GammaUI (402)
[2019.01.24-09.02.45:819][641]LogModuleManager: Shutting down and abandoning module Documentation (400)
[2019.01.24-09.02.45:820][641]LogModuleManager: Shutting down and abandoning module MovieSceneTracks (398)
[2019.01.24-09.02.45:820][641]LogModuleManager: Shutting down and abandoning module MovieScene (396)
[2019.01.24-09.02.45:820][641]LogModuleManager: Shutting down and abandoning module StreamingPauseRendering (394)
[2019.01.24-09.02.45:820][641]LogModuleManager: Shutting down and abandoning module LauncherPlatform (392)
[2019.01.24-09.02.45:820][641]LogModuleManager: Shutting down and abandoning module AnalyticsET (390)
[2019.01.24-09.02.45:820][641]LogModuleManager: Shutting down and abandoning module PortalServices (388)
[2019.01.24-09.02.45:820][641]LogModuleManager: Shutting down and abandoning module PortalRpc (386)
[2019.01.24-09.02.45:820][641]LogModuleManager: Shutting down and abandoning module MessagingRpc (384)
[2019.01.24-09.02.45:821][641]LogModuleManager: Shutting down and abandoning module AIModule (382)
[2019.01.24-09.02.45:821][641]LogModuleManager: Shutting down and abandoning module GameplayDebugger (381)
[2019.01.24-09.02.45:821][641]LogModuleManager: Shutting down and abandoning module AITestSuite (379)
[2019.01.24-09.02.45:821][641]LogModuleManager: Shutting down and abandoning module DesktopPlatform (376)
[2019.01.24-09.02.45:821][641]LogModuleManager: Shutting down and abandoning module ProfilerService (374)
[2019.01.24-09.02.45:925][641]LogModuleManager: Shutting down and abandoning module TaskGraph (372)
[2019.01.24-09.02.45:926][641]LogModuleManager: Shutting down and abandoning module SteamVRController (370)
[2019.01.24-09.02.45:926][641]LogModuleManager: Shutting down and abandoning module ProceduralMeshComponentEditor (368)
[2019.01.24-09.02.45:926][641]LogModuleManager: Shutting down and abandoning module ProceduralMeshComponent (366)
[2019.01.24-09.02.45:926][641]LogModuleManager: Shutting down and abandoning module OculusInput (364)
[2019.01.24-09.02.45:926][641]LogModuleManager: Shutting down and abandoning module MobilePatchingUtils (362)
[2019.01.24-09.02.45:926][641]LogModuleManager: Shutting down and abandoning module CustomMeshComponent (360)
[2019.01.24-09.02.45:926][641]LogModuleManager: Shutting down and abandoning module CableComponent (358)
[2019.01.24-09.02.45:926][641]LogModuleManager: Shutting down and abandoning module AudioCapture (356)
[2019.01.24-09.02.45:926][641]LogModuleManager: Shutting down and abandoning module ArchVisCharacter (354)
[2019.01.24-09.02.45:926][641]LogModuleManager: Shutting down and abandoning module AndroidPermission (352)
[2019.01.24-09.02.45:926][641]LogModuleManager: Shutting down and abandoning module NUTUnrealEngine4 (348)
[2019.01.24-09.02.45:926][641]LogModuleManager: Shutting down and abandoning module NetcodeUnitTest (346)
[2019.01.24-09.02.45:926][641]LogModuleManager: Shutting down and abandoning module MediaCompositingEditor (344)
[2019.01.24-09.02.45:926][641]LogModuleManager: Shutting down and abandoning module MediaCompositing (342)
[2019.01.24-09.02.45:926][641]LogModuleManager: Shutting down and abandoning module LinearTimecode (340)
[2019.01.24-09.02.45:926][641]LogModuleManager: Shutting down and abandoning module ImgMedia (338)
[2019.01.24-09.02.45:930][641]LogModuleManager: Shutting down and abandoning module HTML5Networking (336)
[2019.01.24-09.02.45:930][641]LogModuleManager: Shutting down and abandoning module AlembicImporter (334)
[2019.01.24-09.02.45:930][641]LogModuleManager: Shutting down and abandoning module AlembicLibrary (333)
[2019.01.24-09.02.45:930][641]LogModuleManager: Shutting down and abandoning module GeometryCache (332)
[2019.01.24-09.02.45:930][641]LogModuleManager: Shutting down and abandoning module GeometryCacheEd (331)
[2019.01.24-09.02.45:930][641]LogModuleManager: Shutting down and abandoning module DatasmithContent (326)
[2019.01.24-09.02.45:930][641]LogModuleManager: Shutting down and abandoning module SpeedTreeImporter (324)
[2019.01.24-09.02.45:930][641]LogModuleManager: Shutting down and abandoning module PluginBrowser (322)
[2019.01.24-09.02.45:930][641]LogModuleManager: Shutting down and abandoning module MobileLauncherProfileWizard (320)
[2019.01.24-09.02.45:930][641]LogModuleManager: Shutting down and abandoning module CryptoKeysOpenSSL (318)
[2019.01.24-09.02.45:930][641]LogModuleManager: Shutting down and abandoning module CryptoKeys (316)
[2019.01.24-09.02.45:930][641]LogModuleManager: Shutting down and abandoning module VisualStudioSourceCodeAccess (314)
[2019.01.24-09.02.45:931][641]LogModuleManager: Shutting down and abandoning module VisualStudioCodeSourceCodeAccess (312)
[2019.01.24-09.02.45:931][641]LogModuleManager: Shutting down and abandoning module UObjectPlugin (310)
[2019.01.24-09.02.45:931][641]LogModuleManager: Shutting down and abandoning module SubversionSourceControl (308)
[2019.01.24-09.02.45:931][641]LogModuleManager: Shutting down and abandoning module PerforceSourceControl (306)
[2019.01.24-09.02.45:931][641]LogModuleManager: Shutting down and abandoning module GitSourceControl (304)
[2019.01.24-09.02.45:931][641]LogModuleManager: Shutting down and abandoning module SourceControl (303)
[2019.01.24-09.02.45:931][641]LogModuleManager: Shutting down and abandoning module CLionSourceCodeAccess (300)
[2019.01.24-09.02.45:931][641]LogModuleManager: Shutting down and abandoning module LightPropagationVolumeEditor (298)
[2019.01.24-09.02.45:931][641]LogModuleManager: Shutting down and abandoning module PaperTiledImporter (296)
[2019.01.24-09.02.45:931][641]LogModuleManager: Shutting down and abandoning module PaperSpriteSheetImporter (294)
[2019.01.24-09.02.45:931][641]LogModuleManager: Shutting down and abandoning module Paper2DEditor (292)
[2019.01.24-09.02.45:931][641]LogModuleManager: Shutting down and abandoning module MeshPaint (291)
[2019.01.24-09.02.45:931][641]LogModuleManager: Shutting down and abandoning module RuntimePhysXCooking (288)
[2019.01.24-09.02.45:931][641]LogModuleManager: Shutting down and abandoning module PhysXVehiclesEditor (286)
[2019.01.24-09.02.45:931][641]LogModuleManager: Shutting down and abandoning module PhysXVehicles (284)
[2019.01.24-09.02.45:931][641]LogModuleManager: Shutting down and abandoning module OculusEditor (282)
[2019.01.24-09.02.45:931][641]LogModuleManager: Shutting down and abandoning module LocationServicesBPLibrary (280)
[2019.01.24-09.02.45:931][641]LogModuleManager: Shutting down and abandoning module ImmediatePhysicsEditor (278)
[2019.01.24-09.02.45:931][641]LogModuleManager: Shutting down and abandoning module ImmediatePhysics (276)
[2019.01.24-09.02.45:931][641]LogModuleManager: Shutting down and abandoning module ActorSequence (274)
[2019.01.24-09.02.45:931][641]LogModuleManager: Shutting down and abandoning module UdpMessaging (272)
[2019.01.24-09.02.46:033][641]LogModuleManager: Shutting down and abandoning module TcpMessaging (270)
[2019.01.24-09.02.46:133][641]LogModuleManager: Shutting down and abandoning module GameplayTagsEditor (268)
[2019.01.24-09.02.46:133][641]LogModuleManager: Shutting down and abandoning module FacialAnimationEditor (266)
[2019.01.24-09.02.46:133][641]LogModuleManager: Shutting down and abandoning module FacialAnimation (264)
[2019.01.24-09.02.46:133][641]LogModuleManager: Shutting down and abandoning module DataValidation (262)
[2019.01.24-09.02.46:133][641]LogModuleManager: Shutting down and abandoning module AssetManagerEditor (260)
[2019.01.24-09.02.46:133][641]LogModuleManager: Shutting down and abandoning module LevelEditor (259)
[2019.01.24-09.02.46:135][641]LogModuleManager: Shutting down and abandoning module PixelInspectorModule (258)
[2019.01.24-09.02.46:135][641]LogModuleManager: Shutting down and abandoning module CommonMenuExtensions (256)
[2019.01.24-09.02.46:135][641]LogModuleManager: Shutting down and abandoning module MainFrame (254)
[2019.01.24-09.02.46:135][641]LogModuleManager: Shutting down and abandoning module HotReload (253)
[2019.01.24-09.02.46:136][641]LogModuleManager: Shutting down and abandoning module ContentBrowser (249)
[2019.01.24-09.02.46:138][641]LogModuleManager: Shutting down and abandoning module TreeMap (247)
[2019.01.24-09.02.46:138][641]LogModuleManager: Shutting down and abandoning module LightPropagationVolumeRuntime (244)
[2019.01.24-09.02.46:138][641]LogModuleManager: Shutting down and abandoning module LiveLinkEditor (242)
[2019.01.24-09.02.46:138][641]LogModuleManager: Shutting down and abandoning module LiveLink (240)
[2019.01.24-09.02.46:578][641]LogModuleManager: Shutting down and abandoning module Paper2D (238)
[2019.01.24-09.02.46:578][641]LogModuleManager: Shutting down and abandoning module WindowsMoviePlayer (236)
[2019.01.24-09.02.46:579][641]LogModuleManager: Shutting down and abandoning module WmfMedia (234)
[2019.01.24-09.02.46:580][641]LogModuleManager: Shutting down and abandoning module Media (233)
[2019.01.24-09.02.46:586][641]LogModuleManager: Shutting down and abandoning module PacketHandler (230)
[2019.01.24-09.02.46:586][641]LogModuleManager: Shutting down and abandoning module ClothingSystemEditor (228)
[2019.01.24-09.02.46:586][641]LogModuleManager: Shutting down and abandoning module ClothingSystemRuntime (226)
[2019.01.24-09.02.46:586][641]LogModuleManager: Shutting down and abandoning module MediaAssets (224)
[2019.01.24-09.02.46:586][641]LogModuleManager: Shutting down and abandoning module Overlay (222)
[2019.01.24-09.02.46:586][641]LogModuleManager: Shutting down and abandoning module OverlayEditor (221)
[2019.01.24-09.02.46:586][641]LogModuleManager: Shutting down and abandoning module VREditor (218)
[2019.01.24-09.02.46:587][641]LogModuleManager: Shutting down and abandoning module StringTableEditor (216)
[2019.01.24-09.02.46:587][641]LogModuleManager: Shutting down and abandoning module GameplayTasksEditor (214)
[2019.01.24-09.02.46:587][641]LogModuleManager: Shutting down and abandoning module BehaviorTreeEditor (212)
[2019.01.24-09.02.46:587][641]LogModuleManager: Shutting down and abandoning module FunctionalTesting (210)
[2019.01.24-09.02.46:587][641]LogModuleManager: Shutting down and abandoning module CollisionAnalyzer (208)
[2019.01.24-09.02.46:587][641]LogModuleManager: Shutting down and abandoning module WorkspaceMenuStructure (207)
[2019.01.24-09.02.46:587][641]LogModuleManager: Shutting down and abandoning module UMG (204)
[2019.01.24-09.02.46:587][641]LogModuleManager: Shutting down and abandoning module UMGEditor (203)
[2019.01.24-09.02.46:587][641]LogModuleManager: Shutting down and abandoning module Sequencer (202)
[2019.01.24-09.02.46:587][641]LogModuleManager: Shutting down and abandoning module MessageLog (199)
[2019.01.24-09.02.46:587][641]LogModuleManager: Shutting down and abandoning module SlateReflector (194)
[2019.01.24-09.02.46:587][641]LogModuleManager: Shutting down and abandoning module Slate (192)
[2019.01.24-09.02.46:587][641]LogModuleManager: Shutting down and abandoning module EditorStyle (190)
[2019.01.24-09.02.46:590][641]LogModuleManager: Shutting down and abandoning module MRMesh (188)
[2019.01.24-09.02.46:590][641]LogModuleManager: Shutting down and abandoning module SourceCodeAccess (186)
[2019.01.24-09.02.46:590][641]LogModuleManager: Shutting down and abandoning module HeadMountedDisplay (184)
[2019.01.24-09.02.46:590][641]LogModuleManager: Shutting down and abandoning module XAudio2 (182)
[2019.01.24-09.02.46:590][641]LogModuleManager: Shutting down and abandoning module Networking (180)
[2019.01.24-09.02.46:590][641]LogModuleManager: Shutting down and abandoning module Core (178)
[2019.01.24-09.02.46:590][641]LogModuleManager: Shutting down and abandoning module LevelSequence (176)
[2019.01.24-09.02.46:590][641]LogModuleManager: Shutting down and abandoning module KismetCompiler (174)
[2019.01.24-09.02.46:590][641]LogModuleManager: Shutting down and abandoning module MeshUtilities (172)
[2019.01.24-09.02.46:590][641]LogModuleManager: Shutting down and abandoning module MeshMergeUtilities (171)
[2019.01.24-09.02.46:590][641]LogModuleManager: Shutting down and abandoning module MeshReductionInterface (170)
[2019.01.24-09.02.46:590][641]LogModuleManager: Shutting down and abandoning module SimplygonSwarm (169)
[2019.01.24-09.02.46:590][641]LogModuleManager: Shutting down and abandoning module SimplygonMeshReduction (167)
[2019.01.24-09.02.46:590][641]LogModuleManager: Shutting down and abandoning module QuadricMeshReduction (165)
[2019.01.24-09.02.46:590][641]LogModuleManager: Shutting down and abandoning module MaterialBaking (161)
[2019.01.24-09.02.46:590][641]LogModuleManager: Shutting down and abandoning module DirectoryWatcher (157)
[2019.01.24-09.02.46:600][641]LogModuleManager: Shutting down and abandoning module DerivedDataCache (154)
[2019.01.24-09.02.46:637][641]LogDerivedDataCache: Shutdown
[2019.01.24-09.02.46:637][641]LogModuleManager: Shutting down and abandoning module XGEController (152)
[2019.01.24-09.02.46:638][641]LogModuleManager: Shutting down and abandoning module TargetPlatform (150)
[2019.01.24-09.02.46:638][641]LogModuleManager: Shutting down and abandoning module VulkanShaderFormat (149)
[2019.01.24-09.02.46:638][641]LogModuleManager: Shutting down and abandoning module ShaderFormatVectorVM (147)
[2019.01.24-09.02.46:638][641]LogModuleManager: Shutting down and abandoning module ShaderFormatOpenGL (145)
[2019.01.24-09.02.46:638][641]LogModuleManager: Shutting down and abandoning module ShaderFormatD3D (143)
[2019.01.24-09.02.46:638][641]LogModuleManager: Shutting down and abandoning module MetalShaderFormat (141)
[2019.01.24-09.02.46:638][641]LogModuleManager: Shutting down and abandoning module TextureFormatUncompressed (139)
[2019.01.24-09.02.46:638][641]LogModuleManager: Shutting down and abandoning module TextureFormatPVR (137)
[2019.01.24-09.02.46:638][641]LogModuleManager: Shutting down and abandoning module TextureFormatDXT (135)
[2019.01.24-09.02.46:638][641]LogModuleManager: Shutting down and abandoning module TextureFormatIntelISPCTexComp (133)
[2019.01.24-09.02.46:638][641]LogModuleManager: Shutting down and abandoning module TextureFormatASTC (131)
[2019.01.24-09.02.46:638][641]LogModuleManager: Shutting down and abandoning module ImageWrapper (130)
[2019.01.24-09.02.46:638][641]LogModuleManager: Shutting down and abandoning module TextureFormatAndroid (127)
[2019.01.24-09.02.46:638][641]LogModuleManager: Shutting down and abandoning module AudioFormatOpus (125)
[2019.01.24-09.02.46:638][641]LogModuleManager: Shutting down and abandoning module AudioFormatOgg (123)
[2019.01.24-09.02.46:639][641]LogModuleManager: Shutting down and abandoning module AudioFormatADPCM (121)
[2019.01.24-09.02.46:639][641]LogModuleManager: Shutting down and abandoning module LinuxTargetPlatform (119)
[2019.01.24-09.02.46:639][641]LogModuleManager: Shutting down and abandoning module LinuxServerTargetPlatform (117)
[2019.01.24-09.02.46:639][641]LogModuleManager: Shutting down and abandoning module LinuxNoEditorTargetPlatform (115)
[2019.01.24-09.02.46:639][641]LogModuleManager: Shutting down and abandoning module LinuxClientTargetPlatform (113)
[2019.01.24-09.02.46:639][641]LogModuleManager: Shutting down and abandoning module TVOSTargetPlatform (111)
[2019.01.24-09.02.46:639][641]LogModuleManager: Shutting down and abandoning module Messaging (109)
[2019.01.24-09.02.46:639][641]LogModuleManager: Shutting down and abandoning module IOSTargetPlatform (107)
[2019.01.24-09.02.46:639][641]LogModuleManager: Shutting down and abandoning module HTML5TargetPlatform (105)
[2019.01.24-09.02.46:639][641]LogModuleManager: Shutting down and abandoning module AndroidTargetPlatform (103)
[2019.01.24-09.02.46:639][641]LogModuleManager: Shutting down and abandoning module Android_PVRTCTargetPlatform (101)
[2019.01.24-09.02.46:639][641]LogModuleManager: Shutting down and abandoning module Android_MultiTargetPlatform (99)
[2019.01.24-09.02.46:639][641]LogModuleManager: Shutting down and abandoning module Android_ETC2TargetPlatform (97)
[2019.01.24-09.02.46:639][641]LogModuleManager: Shutting down and abandoning module Android_ETC1TargetPlatform (95)
[2019.01.24-09.02.46:639][641]LogModuleManager: Shutting down and abandoning module Android_ETC1aTargetPlatform (93)
[2019.01.24-09.02.46:639][641]LogModuleManager: Shutting down and abandoning module Android_DXTTargetPlatform (91)
[2019.01.24-09.02.46:639][641]LogModuleManager: Shutting down and abandoning module Android_ATCTargetPlatform (89)
[2019.01.24-09.02.46:639][641]LogModuleManager: Shutting down and abandoning module Android_ASTCTargetPlatform (87)
[2019.01.24-09.02.46:639][641]LogModuleManager: Shutting down and abandoning module WindowsTargetPlatform (85)
[2019.01.24-09.02.46:639][641]LogModuleManager: Shutting down and abandoning module WindowsServerTargetPlatform (83)
[2019.01.24-09.02.46:639][641]LogModuleManager: Shutting down and abandoning module WindowsNoEditorTargetPlatform (81)
[2019.01.24-09.02.46:639][641]LogModuleManager: Shutting down and abandoning module WindowsClientTargetPlatform (79)
[2019.01.24-09.02.46:639][641]LogModuleManager: Shutting down and abandoning module MacTargetPlatform (77)
[2019.01.24-09.02.46:639][641]LogModuleManager: Shutting down and abandoning module MacServerTargetPlatform (75)
[2019.01.24-09.02.46:639][641]LogModuleManager: Shutting down and abandoning module MacNoEditorTargetPlatform (73)
[2019.01.24-09.02.46:639][641]LogModuleManager: Shutting down and abandoning module MacClientTargetPlatform (71)
[2019.01.24-09.02.46:639][641]LogModuleManager: Shutting down and abandoning module AllDesktopTargetPlatform (69)
[2019.01.24-09.02.46:639][641]LogModuleManager: Shutting down and abandoning module InputCore (66)
[2019.01.24-09.02.46:639][641]LogModuleManager: Shutting down and abandoning module Settings (64)
[2019.01.24-09.02.46:640][641]LogModuleManager: Shutting down and abandoning module PhysXCooking (62)
[2019.01.24-09.02.46:640][641]LogModuleManager: Shutting down and abandoning module SteamVR (60)
[2019.01.24-09.02.46:640][641]LogModuleManager: Shutting down and abandoning module OculusHMD (58)
[2019.01.24-09.02.46:640][641]LogModuleManager: Shutting down and abandoning module ExampleDeviceProfileSelector (56)
[2019.01.24-09.02.46:640][641]LogModuleManager: Shutting down and abandoning module AppleARKit (54)
[2019.01.24-09.02.46:640][641]LogModuleManager: Shutting down and abandoning module AugmentedReality (51)
[2019.01.24-09.02.46:640][641]LogModuleManager: Shutting down and abandoning module OnlineBlueprintSupport (48)
[2019.01.24-09.02.46:640][641]LogModuleManager: Shutting down and abandoning module OnlineSubsystem (44)
[2019.01.24-09.02.46:640][641]LogModuleManager: Shutting down and abandoning module XMPP (43)
[2019.01.24-09.02.46:640][641]LogModuleManager: Shutting down and abandoning module HTTP (41)
[2019.01.24-09.02.46:640][641]LogHttp: Display: Http module shutting down, but needs to wait on 1 outstanding Http requests:
[2019.01.24-09.02.46:640][641]LogHttp: Display: 	verb=[POST] url=[https://datarouter.ol.epicgames.com/datarouter/api/v1/public/data?SessionID=%7BAA066887-4236-1496-A75C-4085A47954CD%7D&AppID=UEEditor.Rocket.Release&AppVersion=4.19.2-4033788%2B%2B%2BUE4%2BRelease-4.19&UserID=4a3c97da4358218bc3c0de9838298336%7C2aa804c0b8664b7b80a25fec3f761d6f%7C8ecb3bed-31b8-47b2-9a3f-49b09372f036&AppEnvironment=datacollector-binary&UploadType=eteventstream] status=Processing
[2019.01.24-09.02.46:646][641]LogModuleManager: Shutting down and abandoning module SSL (40)
[2019.01.24-09.02.46:648][641]LogModuleManager: Shutting down and abandoning module AnimationModifiers (36)
[2019.01.24-09.02.46:648][641]LogModuleManager: Shutting down and abandoning module PropertyEditor (35)
[2019.01.24-09.02.46:649][641]LogModuleManager: Shutting down and abandoning module AudioEditor (32)
[2019.01.24-09.02.46:649][641]LogModuleManager: Shutting down and abandoning module TextureCompressor (30)
[2019.01.24-09.02.46:649][641]LogModuleManager: Shutting down and abandoning module ShaderCore (28)
[2019.01.24-09.02.46:649][641]LogModuleManager: Shutting down and abandoning module Landscape (26)
[2019.01.24-09.02.46:649][641]LogModuleManager: Shutting down and abandoning module SlateRHIRenderer (24)
[2019.01.24-09.02.46:654][641]LogModuleManager: Shutting down and abandoning module OpenGLDrv (22)
[2019.01.24-09.02.46:654][641]LogModuleManager: Shutting down and abandoning module D3D11RHI (20)
[2019.01.24-09.02.46:654][641]LogModuleManager: Shutting down and abandoning module AnimGraphRuntime (18)
[2019.01.24-09.02.46:654][641]LogModuleManager: Shutting down and abandoning module Renderer (16)
[2019.01.24-09.02.46:654][641]LogModuleManager: Shutting down and abandoning module Engine (14)
[2019.01.24-09.02.46:654][641]LogModuleManager: Shutting down and abandoning module CoreUObject (12)
[2019.01.24-09.02.46:654][641]LogModuleManager: Shutting down and abandoning module NetworkFile (10)
[2019.01.24-09.02.46:654][641]LogModuleManager: Shutting down and abandoning module CookedIterativeFile (8)
[2019.01.24-09.02.46:654][641]LogModuleManager: Shutting down and abandoning module StreamingFile (6)
[2019.01.24-09.02.46:654][641]LogModuleManager: Shutting down and abandoning module SandboxFile (4)
[2019.01.24-09.02.46:654][641]LogModuleManager: Shutting down and abandoning module PakFile (2)
[2019.01.24-09.02.46:671][641]LogExit: Exiting.
[2019.01.24-09.02.46:696][641]Log file closed, 01/24/19 17:02:46
